[ 2014-08-14T10:00:06+08:00 ] 127.0.0.1 /028jiajiao/
INFO: [ app_init ] --START--
INFO: Run Behavior\BuildLiteBehavior [ RunTime:0.000000s ]
INFO: [ app_init ] --END-- [ RunTime:0.001000s ]

[ 2014-08-14T10:00:12+08:00 ] 127.0.0.1 /028jiajiao/index.php/Home/Kujy/kujy
INFO: [ app_init ] --START--
INFO: Run Behavior\BuildLiteBehavior [ RunTime:0.000000s ]
INFO: [ app_init ] --END-- [ RunTime:0.001000s ]

[ 2014-08-14T10:00:14+08:00 ] 127.0.0.1 /028jiajiao/index.php/Home/Kujy/jiaoyuaninfo.html
INFO: [ app_init ] --START--
INFO: Run Behavior\BuildLiteBehavior [ RunTime:0.000000s ]
INFO: [ app_init ] --END-- [ RunTime:0.001000s ]

[ 2014-08-14T10:00:31+08:00 ] 127.0.0.1 /028jiajiao/index.php/Home/Kujy/jiaoyuaninfo.html
INFO: [ app_init ] --START--
INFO: Run Behavior\BuildLiteBehavior [ RunTime:0.000000s ]
INFO: [ app_init ] --END-- [ RunTime:0.001000s ]

[ 2014-08-14T10:02:06+08:00 ] 127.0.0.1 /028jiajiao/index.php/Home/Kujy/kujy
INFO: [ app_init ] --START--
INFO: Run Behavior\BuildLiteBehavior [ RunTime:0.000000s ]
INFO: [ app_init ] --END-- [ RunTime:0.001000s ]

[ 2014-08-14T10:02:15+08:00 ] 127.0.0.1 /028jiajiao/index.php/Home/Kujy/jiaoyuaninfo.html
INFO: [ app_init ] --START--
INFO: Run Behavior\BuildLiteBehavior [ RunTime:0.000000s ]
INFO: [ app_init ] --END-- [ RunTime:0.001001s ]

[ 2014-08-14T10:02:28+08:00 ] 127.0.0.1 /028jiajiao/
INFO: [ app_init ] --START--
INFO: Run Behavior\BuildLiteBehavior [ RunTime:0.000000s ]
INFO: [ app_init ] --END-- [ RunTime:0.001000s ]

[ 2014-08-14T10:02:38+08:00 ] 127.0.0.1 /028jiajiao/index.php/Home/Kuxy/kuxy
INFO: [ app_init ] --START--
INFO: Run Behavior\BuildLiteBehavior [ RunTime:0.000000s ]
INFO: [ app_init ] --END-- [ RunTime:0.001000s ]

[ 2014-08-14T10:02:42+08:00 ] 127.0.0.1 /028jiajiao/index.php/Home/Kujy/kujy
INFO: [ app_init ] --START--
INFO: Run Behavior\BuildLiteBehavior [ RunTime:0.000000s ]
INFO: [ app_init ] --END-- [ RunTime:0.001000s ]

[ 2014-08-14T10:02:54+08:00 ] 127.0.0.1 /028jiajiao/index.php/Home/Kuxy/kuxy
INFO: [ app_init ] --START--
INFO: Run Behavior\BuildLiteBehavior [ RunTime:0.000000s ]
INFO: [ app_init ] --END-- [ RunTime:0.001000s ]

[ 2014-08-14T10:02:56+08:00 ] 127.0.0.1 /028jiajiao/index.php/Home/Kuxy/xueyuaninfo.html
INFO: [ app_init ] --START--
INFO: Run Behavior\BuildLiteBehavior [ RunTime:0.000000s ]
INFO: [ app_init ] --END-- [ RunTime:0.001000s ]

[ 2014-08-14T10:16:35+08:00 ] 127.0.0.1 /028jiajiao/
INFO: [ app_init ] --START--
INFO: Run Behavior\BuildLiteBehavior [ RunTime:0.000000s ]
INFO: [ app_init ] --END-- [ RunTime:0.002000s ]

[ 2014-08-14T10:16:39+08:00 ] 127.0.0.1 /028jiajiao/index.php/Home/Kuxy/kuxy
INFO: [ app_init ] --START--
INFO: Run Behavior\BuildLiteBehavior [ RunTime:0.000000s ]
INFO: [ app_init ] --END-- [ RunTime:0.001000s ]

[ 2014-08-14T10:22:27+08:00 ] 127.0.0.1 /028jiajiao/
INFO: [ app_init ] --START--
INFO: Run Behavior\BuildLiteBehavior [ RunTime:0.000000s ]
INFO: [ app_init ] --END-- [ RunTime:0.001000s ]

[ 2014-08-14T10:34:15+08:00 ] 127.0.0.1 /028jiajiao/index.php/Home/Kuxy/kuxy
INFO: [ app_init ] --START--
INFO: Run Behavior\BuildLiteBehavior [ RunTime:0.000000s ]
INFO: [ app_init ] --END-- [ RunTime:0.002000s ]

[ 2014-08-14T10:34:19+08:00 ] 127.0.0.1 /028jiajiao/Home/showxy/xyid/13827
INFO: [ app_init ] --START--
INFO: Run Behavior\BuildLiteBehavior [ RunTime:0.000000s ]
INFO: [ app_init ] --END-- [ RunTime:0.001000s ]
ERR: 无法加载控制器:Showxy

[ 2014-08-14T10:35:32+08:00 ] 127.0.0.1 /028jiajiao/Home/Kuxy/showxy/xyid/13827
INFO: [ app_init ] --START--
INFO: Run Behavior\BuildLiteBehavior [ RunTime:0.000000s ]
INFO: [ app_init ] --END-- [ RunTime:0.001000s ]
ERR: 模板不存在:./Index/Home/View/Kuxy/xueyuaninfohtml.html

[ 2014-08-14T10:36:59+08:00 ] 127.0.0.1 /028jiajiao/Home/Kuxy/showxy/xyid/13827
INFO: [ app_init ] --START--
INFO: Run Behavior\BuildLiteBehavior [ RunTime:0.000000s ]
INFO: [ app_init ] --END-- [ RunTime:0.001000s ]

[ 2014-08-14T10:37:13+08:00 ] 127.0.0.1 /028jiajiao/Home/Kuxy/
INFO: [ app_init ] --START--
INFO: Run Behavior\BuildLiteBehavior [ RunTime:0.001000s ]
INFO: [ app_init ] --END-- [ RunTime:0.001000s ]
ERR: 非法操作:index

[ 2014-08-14T10:37:17+08:00 ] 127.0.0.1 /028jiajiao/
INFO: [ app_init ] --START--
INFO: Run Behavior\BuildLiteBehavior [ RunTime:0.000000s ]
INFO: [ app_init ] --END-- [ RunTime:0.001000s ]

[ 2014-08-14T10:37:19+08:00 ] 127.0.0.1 /028jiajiao/index.php/Home/Kuxy/kuxy
INFO: [ app_init ] --START--
INFO: Run Behavior\BuildLiteBehavior [ RunTime:0.000000s ]
INFO: [ app_init ] --END-- [ RunTime:0.001001s ]

[ 2014-08-14T10:37:21+08:00 ] 127.0.0.1 /028jiajiao/Home/Kuxy/showxy/xyid/15112
INFO: [ app_init ] --START--
INFO: Run Behavior\BuildLiteBehavior [ RunTime:0.000000s ]
INFO: [ app_init ] --END-- [ RunTime:0.001000s ]

[ 2014-08-14T10:38:12+08:00 ] 127.0.0.1 /028jiajiao/home
INFO: [ app_init ] --START--
INFO: Run Behavior\BuildLiteBehavior [ RunTime:0.000000s ]
INFO: [ app_init ] --END-- [ RunTime:0.001000s ]

[ 2014-08-14T10:38:24+08:00 ] 127.0.0.1 /028jiajiao/home/Kuxy/
INFO: [ app_init ] --START--
INFO: Run Behavior\BuildLiteBehavior [ RunTime:0.000000s ]
INFO: [ app_init ] --END-- [ RunTime:0.001000s ]
ERR: 非法操作:index

[ 2014-08-14T10:38:37+08:00 ] 127.0.0.1 /028jiajiao/home/Kuxy/kuxy
INFO: [ app_init ] --START--
INFO: Run Behavior\BuildLiteBehavior [ RunTime:0.000000s ]
INFO: [ app_init ] --END-- [ RunTime:0.001000s ]

[ 2014-08-14T10:39:08+08:00 ] 127.0.0.1 /028jiajiao/home/Kuxy/kuxy/xueyuaninfo
INFO: [ app_init ] --START--
INFO: Run Behavior\BuildLiteBehavior [ RunTime:0.000000s ]
INFO: [ app_init ] --END-- [ RunTime:0.001000s ]

[ 2014-08-14T10:39:14+08:00 ] 127.0.0.1 /028jiajiao/home/Kuxy/kuxy/xueyuaninfo
INFO: [ app_init ] --START--
INFO: Run Behavior\BuildLiteBehavior [ RunTime:0.000000s ]
INFO: [ app_init ] --END-- [ RunTime:0.001000s ]

[ 2014-08-14T10:39:29+08:00 ] 127.0.0.1 /028jiajiao/home/Kuxy/kuxy/xueyuaninfo.html
INFO: [ app_init ] --START--
INFO: Run Behavior\BuildLiteBehavior [ RunTime:0.000000s ]
INFO: [ app_init ] --END-- [ RunTime:0.001000s ]

[ 2014-08-14T10:41:18+08:00 ] 127.0.0.1 /028jiajiao/index.php/Home/Kuxy/kuxy
INFO: [ app_init ] --START--
INFO: Run Behavior\BuildLiteBehavior [ RunTime:0.000000s ]
INFO: [ app_init ] --END-- [ RunTime:0.002000s ]

[ 2014-08-14T10:41:20+08:00 ] 127.0.0.1 /028jiajiao/Home/Kuxy/showxy/xueyuaninfo/xyid/14854
INFO: [ app_init ] --START--
INFO: Run Behavior\BuildLiteBehavior [ RunTime:0.000000s ]
INFO: [ app_init ] --END-- [ RunTime:0.000000s ]

[ 2014-08-14T10:43:21+08:00 ] 127.0.0.1 /028jiajiao/Home/Kuxy/showxy/xyid/15112
INFO: [ app_init ] --START--
INFO: Run Behavior\BuildLiteBehavior [ RunTime:0.000000s ]
INFO: [ app_init ] --END-- [ RunTime:0.001000s ]

[ 2014-08-14T10:43:34+08:00 ] 127.0.0.1 /028jiajiao/index.php/Home/Kujy/kujy
INFO: [ app_init ] --START--
INFO: Run Behavior\BuildLiteBehavior [ RunTime:0.000000s ]
INFO: [ app_init ] --END-- [ RunTime:0.001000s ]

[ 2014-08-14T10:43:36+08:00 ] 127.0.0.1 /028jiajiao/index.php/Home/Kujy/jiaoyuaninfo.html
INFO: [ app_init ] --START--
INFO: Run Behavior\BuildLiteBehavior [ RunTime:0.000000s ]
INFO: [ app_init ] --END-- [ RunTime:0.001000s ]

[ 2014-08-14T10:43:50+08:00 ] 127.0.0.1 /028jiajiao/index.php/Home/Kuxy/kuxy
INFO: [ app_init ] --START--
INFO: Run Behavior\BuildLiteBehavior [ RunTime:0.000000s ]
INFO: [ app_init ] --END-- [ RunTime:0.001000s ]

[ 2014-08-14T10:43:52+08:00 ] 127.0.0.1 /028jiajiao/Home/Kuxy/showxy/xueyuaninfo/xyid/14855
INFO: [ app_init ] --START--
INFO: Run Behavior\BuildLiteBehavior [ RunTime:0.001000s ]
INFO: [ app_init ] --END-- [ RunTime:0.002000s ]

[ 2014-08-14T10:43:57+08:00 ] 127.0.0.1 /028jiajiao/index.php/Home/Kuxy/kuxy
INFO: [ app_init ] --START--
INFO: Run Behavior\BuildLiteBehavior [ RunTime:0.000000s ]
INFO: [ app_init ] --END-- [ RunTime:0.001000s ]

[ 2014-08-14T10:43:59+08:00 ] 127.0.0.1 /028jiajiao/Home/Kuxy/showxy/xueyuaninfo/xyid/13827
INFO: [ app_init ] --START--
INFO: Run Behavior\BuildLiteBehavior [ RunTime:0.000000s ]
INFO: [ app_init ] --END-- [ RunTime:0.001000s ]

[ 2014-08-14T10:44:11+08:00 ] 127.0.0.1 /028jiajiao/index.php/Home/Kuxy/kuxy
INFO: [ app_init ] --START--
INFO: Run Behavior\BuildLiteBehavior [ RunTime:0.000000s ]
INFO: [ app_init ] --END-- [ RunTime:0.001001s ]

[ 2014-08-14T10:44:16+08:00 ] 127.0.0.1 /028jiajiao/Home/Kuxy/showxy/xueyuaninfo/xyid/15129
INFO: [ app_init ] --START--
INFO: Run Behavior\BuildLiteBehavior [ RunTime:0.000000s ]
INFO: [ app_init ] --END-- [ RunTime:0.001000s ]

[ 2014-08-14T10:44:29+08:00 ] 127.0.0.1 /028jiajiao/Home/Kuxy/showxy/xyid/15129
INFO: [ app_init ] --START--
INFO: Run Behavior\BuildLiteBehavior [ RunTime:0.000000s ]
INFO: [ app_init ] --END-- [ RunTime:0.001001s ]

[ 2014-08-14T10:44:45+08:00 ] 127.0.0.1 /028jiajiao/Home/Kuxy/showxy/
INFO: [ app_init ] --START--
INFO: Run Behavior\BuildLiteBehavior [ RunTime:0.000000s ]
INFO: [ app_init ] --END-- [ RunTime:0.001000s ]

[ 2014-08-14T10:45:11+08:00 ] 127.0.0.1 /028jiajiao/index.php/Home/Kuxy/kuxy
INFO: [ app_init ] --START--
INFO: Run Behavior\BuildLiteBehavior [ RunTime:0.000000s ]
INFO: [ app_init ] --END-- [ RunTime:0.002000s ]

[ 2014-08-14T10:45:15+08:00 ] 127.0.0.1 /028jiajiao/Home/Kuxy/showxy/xueyuaninfo/xyid/13827
INFO: [ app_init ] --START--
INFO: Run Behavior\BuildLiteBehavior [ RunTime:0.000000s ]
INFO: [ app_init ] --END-- [ RunTime:0.001000s ]

[ 2014-08-14T10:47:29+08:00 ] 127.0.0.1 /028jiajiao/index.php/Home/Kuxy/kuxy
INFO: [ app_init ] --START--
INFO: Run Behavior\BuildLiteBehavior [ RunTime:0.000000s ]
INFO: [ app_init ] --END-- [ RunTime:0.001001s ]

[ 2014-08-14T10:47:32+08:00 ] 127.0.0.1 /028jiajiao/Home/Kuxy/showxy/xueyuaninfo/xyid/13827
INFO: [ app_init ] --START--
INFO: Run Behavior\BuildLiteBehavior [ RunTime:0.000000s ]
INFO: [ app_init ] --END-- [ RunTime:0.001000s ]

[ 2014-08-14T10:47:45+08:00 ] 127.0.0.1 /028jiajiao/index.php/Home/Regxy/regxy
INFO: [ app_init ] --START--
INFO: Run Behavior\BuildLiteBehavior [ RunTime:0.000000s ]
INFO: [ app_init ] --END-- [ RunTime:0.001000s ]

[ 2014-08-14T10:47:45+08:00 ] 127.0.0.1 /028jiajiao/index.php/Home/Regxy/js/Reg_XY.js
INFO: [ app_init ] --START--
INFO: Run Behavior\BuildLiteBehavior [ RunTime:0.000000s ]
INFO: [ app_init ] --END-- [ RunTime:0.001000s ]
ERR: 非法操作:js

[ 2014-08-14T10:47:46+08:00 ] 127.0.0.1 /028jiajiao/index.php/Home/Kujy/kujy
INFO: [ app_init ] --START--
INFO: Run Behavior\BuildLiteBehavior [ RunTime:0.000000s ]
INFO: [ app_init ] --END-- [ RunTime:0.001000s ]

[ 2014-08-14T10:47:47+08:00 ] 127.0.0.1 /028jiajiao/index.php/Home/Kuxy/kuxy
INFO: [ app_init ] --START--
INFO: Run Behavior\BuildLiteBehavior [ RunTime:0.000000s ]
INFO: [ app_init ] --END-- [ RunTime:0.001000s ]

[ 2014-08-14T10:47:51+08:00 ] 127.0.0.1 /028jiajiao/Home/Kuxy/showxy/xueyuaninfo/xyid/15112
INFO: [ app_init ] --START--
INFO: Run Behavior\BuildLiteBehavior [ RunTime:0.000000s ]
INFO: [ app_init ] --END-- [ RunTime:0.001000s ]

[ 2014-08-14T10:48:26+08:00 ] 127.0.0.1 /028jiajiao/Home/Kuxy/showxy/xyid/15112
INFO: [ app_init ] --START--
INFO: Run Behavior\BuildLiteBehavior [ RunTime:0.000000s ]
INFO: [ app_init ] --END-- [ RunTime:0.001000s ]
ERR: 模板不存在:./Index/Home/View/Kuxy/showxy.html

[ 2014-08-14T10:48:47+08:00 ] 127.0.0.1 /028jiajiao/Home/Kuxy/showxy/xueyuaninfo/xyid/15112
INFO: [ app_init ] --START--
INFO: Run Behavior\BuildLiteBehavior [ RunTime:0.000000s ]
INFO: [ app_init ] --END-- [ RunTime:0.000000s ]
ERR: 模板不存在:./Index/Home/View/Kuxy/showxy.html

[ 2014-08-14T10:48:54+08:00 ] 127.0.0.1 /028jiajiao/Home/Kuxy/showxy/
INFO: [ app_init ] --START--
INFO: Run Behavior\BuildLiteBehavior [ RunTime:0.000000s ]
INFO: [ app_init ] --END-- [ RunTime:0.001000s ]
ERR: 模板不存在:./Index/Home/View/Kuxy/showxy.html

[ 2014-08-14T10:49:21+08:00 ] 127.0.0.1 /028jiajiao/Home/Kuxy/showxy/
INFO: [ app_init ] --START--
INFO: Run Behavior\BuildLiteBehavior [ RunTime:0.000000s ]
INFO: [ app_init ] --END-- [ RunTime:0.001000s ]

[ 2014-08-14T10:49:43+08:00 ] 127.0.0.1 /028jiajiao/Home/Kuxy/showxy/
INFO: [ app_init ] --START--
INFO: Run Behavior\BuildLiteBehavior [ RunTime:0.001000s ]
INFO: [ app_init ] --END-- [ RunTime:0.001000s ]

[ 2014-08-14T10:50:02+08:00 ] 127.0.0.1 /028jiajiao/Home/Kuxy/showxy/
INFO: [ app_init ] --START--
INFO: Run Behavior\BuildLiteBehavior [ RunTime:0.000000s ]
INFO: [ app_init ] --END-- [ RunTime:0.001000s ]

[ 2014-08-14T10:50:05+08:00 ] 127.0.0.1 /028jiajiao/Home/Kuxy/showxy/
INFO: [ app_init ] --START--
INFO: Run Behavior\BuildLiteBehavior [ RunTime:0.000000s ]
INFO: [ app_init ] --END-- [ RunTime:0.002000s ]

[ 2014-08-14T10:50:19+08:00 ] 127.0.0.1 /028jiajiao/index.php/Home/Kujy/kujy
INFO: [ app_init ] --START--
INFO: Run Behavior\BuildLiteBehavior [ RunTime:0.000000s ]
INFO: [ app_init ] --END-- [ RunTime:0.002000s ]

[ 2014-08-14T10:50:20+08:00 ] 127.0.0.1 /028jiajiao/index.php/Home/Kuxy/kuxy
INFO: [ app_init ] --START--
INFO: Run Behavior\BuildLiteBehavior [ RunTime:0.000000s ]
INFO: [ app_init ] --END-- [ RunTime:0.001000s ]

[ 2014-08-14T10:50:24+08:00 ] 127.0.0.1 /028jiajiao/Home/Kuxy/showxy/xueyuaninfo/xyid/13827
INFO: [ app_init ] --START--
INFO: Run Behavior\BuildLiteBehavior [ RunTime:0.000000s ]
INFO: [ app_init ] --END-- [ RunTime:0.000000s ]

[ 2014-08-14T10:51:23+08:00 ] 127.0.0.1 /028jiajiao/Home/Kuxy/showxy/xyid/13827
INFO: [ app_init ] --START--
INFO: Run Behavior\BuildLiteBehavior [ RunTime:0.000000s ]
INFO: [ app_init ] --END-- [ RunTime:0.001000s ]

[ 2014-08-14T10:51:36+08:00 ] 127.0.0.1 /028jiajiao/Home/Kuxy/xyid/13827
INFO: [ app_init ] --START--
INFO: Run Behavior\BuildLiteBehavior [ RunTime:0.000000s ]
INFO: [ app_init ] --END-- [ RunTime:0.001001s ]
ERR: 非法操作:xyid

[ 2014-08-14T10:51:49+08:00 ] 127.0.0.1 /028jiajiao/Home/Kuxy/xueyuaninfo/xyid/13827
INFO: [ app_init ] --START--
INFO: Run Behavior\BuildLiteBehavior [ RunTime:0.000000s ]
INFO: [ app_init ] --END-- [ RunTime:0.003000s ]

[ 2014-08-14T10:52:39+08:00 ] 127.0.0.1 /028jiajiao/Home/Kuxy/xueyuaninfo/xyid/112
INFO: [ app_init ] --START--
INFO: Run Behavior\BuildLiteBehavior [ RunTime:0.000000s ]
INFO: [ app_init ] --END-- [ RunTime:0.001000s ]

[ 2014-08-14T10:52:49+08:00 ] 127.0.0.1 /028jiajiao/Home/Kuxy/xueyuaninfo/xyid/112
INFO: [ app_init ] --START--
INFO: Run Behavior\BuildLiteBehavior [ RunTime:0.000000s ]
INFO: [ app_init ] --END-- [ RunTime:0.001000s ]

[ 2014-08-14T10:53:06+08:00 ] 127.0.0.1 /028jiajiao/Home/Kuxy/xueyuaninfo
INFO: [ app_init ] --START--
INFO: Run Behavior\BuildLiteBehavior [ RunTime:0.001000s ]
INFO: [ app_init ] --END-- [ RunTime:0.001000s ]

[ 2014-08-14T10:53:42+08:00 ] 127.0.0.1 /028jiajiao/Home/Kuxy/showxy/xueyuaninfo/xyid/112
INFO: [ app_init ] --START--
INFO: Run Behavior\BuildLiteBehavior [ RunTime:0.000000s ]
INFO: [ app_init ] --END-- [ RunTime:0.001000s ]

[ 2014-08-14T10:59:04+08:00 ] 127.0.0.1 /028jiajiao/Home/Kuxy/showxy/xueyuaninfo/xyid/112
INFO: [ app_init ] --START--
INFO: Run Behavior\BuildLiteBehavior [ RunTime:0.000000s ]
INFO: [ app_init ] --END-- [ RunTime:0.002000s ]

[ 2014-08-14T10:59:07+08:00 ] 127.0.0.1 /028jiajiao/Home/Kuxy/showxy/xueyuaninfo/xyid/112
INFO: [ app_init ] --START--
INFO: Run Behavior\BuildLiteBehavior [ RunTime:0.000000s ]
INFO: [ app_init ] --END-- [ RunTime:0.001000s ]

[ 2014-08-14T10:59:11+08:00 ] 127.0.0.1 /028jiajiao/index.php/Home/Kuxy/kuxy
INFO: [ app_init ] --START--
INFO: Run Behavior\BuildLiteBehavior [ RunTime:0.000000s ]
INFO: [ app_init ] --END-- [ RunTime:0.001000s ]

[ 2014-08-14T10:59:13+08:00 ] 127.0.0.1 /028jiajiao/Home/Kuxy/showxy/xueyuaninfo/xyid/13827
INFO: [ app_init ] --START--
INFO: Run Behavior\BuildLiteBehavior [ RunTime:0.000000s ]
INFO: [ app_init ] --END-- [ RunTime:0.000000s ]

[ 2014-08-14T11:00:44+08:00 ] 127.0.0.1 /028jiajiao/index.php/Home/Kuxy/kuxy
INFO: [ app_init ] --START--
INFO: Run Behavior\BuildLiteBehavior [ RunTime:0.000000s ]
INFO: [ app_init ] --END-- [ RunTime:0.001000s ]

[ 2014-08-14T11:00:46+08:00 ] 127.0.0.1 /028jiajiao/Home/Kuxy/showxy/xueyuaninfo/xyid/16400
INFO: [ app_init ] --START--
INFO: Run Behavior\BuildLiteBehavior [ RunTime:0.000000s ]
INFO: [ app_init ] --END-- [ RunTime:0.001000s ]

[ 2014-08-14T11:01:21+08:00 ] 127.0.0.1 /028jiajiao/index.php/Home/Kujy/kujy
INFO: [ app_init ] --START--
INFO: Run Behavior\BuildLiteBehavior [ RunTime:0.000000s ]
INFO: [ app_init ] --END-- [ RunTime:0.000000s ]

[ 2014-08-14T11:01:22+08:00 ] 127.0.0.1 /028jiajiao/index.php/Home/Kuxy/kuxy
INFO: [ app_init ] --START--
INFO: Run Behavior\BuildLiteBehavior [ RunTime:0.000000s ]
INFO: [ app_init ] --END-- [ RunTime:0.001000s ]

[ 2014-08-14T11:01:24+08:00 ] 127.0.0.1 /028jiajiao/Home/Kuxy/showxy/xueyuaninfo/xyid/15114
INFO: [ app_init ] --START--
INFO: Run Behavior\BuildLiteBehavior [ RunTime:0.000000s ]
INFO: [ app_init ] --END-- [ RunTime:0.001000s ]

[ 2014-08-14T11:02:23+08:00 ] 127.0.0.1 /028jiajiao/index.php/Home/Kuxy/kuxy
INFO: [ app_init ] --START--
INFO: Run Behavior\BuildLiteBehavior [ RunTime:0.000000s ]
INFO: [ app_init ] --END-- [ RunTime:0.001000s ]

[ 2014-08-14T11:02:25+08:00 ] 127.0.0.1 /028jiajiao/Home/Kuxy/showxy/xueyuaninfo/xyid/16400
INFO: [ app_init ] --START--
INFO: Run Behavior\BuildLiteBehavior [ RunTime:0.000000s ]
INFO: [ app_init ] --END-- [ RunTime:0.001000s ]

[ 2014-08-14T11:03:47+08:00 ] 127.0.0.1 /028jiajiao/index.php/Home/Kuxy/kuxy
INFO: [ app_init ] --START--
INFO: Run Behavior\BuildLiteBehavior [ RunTime:0.000000s ]
INFO: [ app_init ] --END-- [ RunTime:0.001000s ]

[ 2014-08-14T11:03:50+08:00 ] 127.0.0.1 /028jiajiao/Home/Kuxy/showxy/xueyuaninfo/xyid/16400
INFO: [ app_init ] --START--
INFO: Run Behavior\BuildLiteBehavior [ RunTime:0.001000s ]
INFO: [ app_init ] --END-- [ RunTime:0.001000s ]

[ 2014-08-14T11:05:53+08:00 ] 127.0.0.1 /028jiajiao/index.php/Home/Kuxy/kuxy
INFO: [ app_init ] --START--
INFO: Run Behavior\BuildLiteBehavior [ RunTime:0.000000s ]
INFO: [ app_init ] --END-- [ RunTime:0.001000s ]

[ 2014-08-14T11:05:55+08:00 ] 127.0.0.1 /028jiajiao/Home/Kuxy/showxy/xyid/13827
INFO: [ app_init ] --START--
INFO: Run Behavior\BuildLiteBehavior [ RunTime:0.001000s ]
INFO: [ app_init ] --END-- [ RunTime:0.001000s ]

[ 2014-08-14T11:06:07+08:00 ] 127.0.0.1 /028jiajiao/index.php/Home/Kuxy/kuxy
INFO: [ app_init ] --START--
INFO: Run Behavior\BuildLiteBehavior [ RunTime:0.000000s ]
INFO: [ app_init ] --END-- [ RunTime:0.001000s ]

[ 2014-08-14T11:06:10+08:00 ] 127.0.0.1 /028jiajiao/Home/Kuxy/showxy/xyid/14854
INFO: [ app_init ] --START--
INFO: Run Behavior\BuildLiteBehavior [ RunTime:0.001000s ]
INFO: [ app_init ] --END-- [ RunTime:0.001000s ]

[ 2014-08-14T11:06:26+08:00 ] 127.0.0.1 /028jiajiao/index.php/Home/Kujy/kujy
INFO: [ app_init ] --START--
INFO: Run Behavior\BuildLiteBehavior [ RunTime:0.000000s ]
INFO: [ app_init ] --END-- [ RunTime:0.001000s ]

[ 2014-08-14T11:06:33+08:00 ] 127.0.0.1 /028jiajiao/index.php/Home/Kuxy/kuxy
INFO: [ app_init ] --START--
INFO: Run Behavior\BuildLiteBehavior [ RunTime:0.000000s ]
INFO: [ app_init ] --END-- [ RunTime:0.001000s ]

[ 2014-08-14T11:06:39+08:00 ] 127.0.0.1 /028jiajiao/Home/Kuxy/showxy/xyid/16407
INFO: [ app_init ] --START--
INFO: Run Behavior\BuildLiteBehavior [ RunTime:0.000000s ]
INFO: [ app_init ] --END-- [ RunTime:0.001000s ]

[ 2014-08-14T11:07:37+08:00 ] 127.0.0.1 /028jiajiao/Home/Kuxy/showxy/xyid/16407
INFO: [ app_init ] --START--
INFO: Run Behavior\BuildLiteBehavior [ RunTime:0.000000s ]
INFO: [ app_init ] --END-- [ RunTime:0.001000s ]

[ 2014-08-14T11:08:21+08:00 ] 127.0.0.1 /028jiajiao/index.php/Home/Kuxy/kuxy
INFO: [ app_init ] --START--
INFO: Run Behavior\BuildLiteBehavior [ RunTime:0.000000s ]
INFO: [ app_init ] --END-- [ RunTime:0.001000s ]

[ 2014-08-14T11:08:25+08:00 ] 127.0.0.1 /028jiajiao/Home/Kuxy/showxy/xyid/15128
INFO: [ app_init ] --START--
INFO: Run Behavior\BuildLiteBehavior [ RunTime:0.000000s ]
INFO: [ app_init ] --END-- [ RunTime:0.001001s ]

[ 2014-08-14T11:09:03+08:00 ] 127.0.0.1 /028jiajiao/index.php/Home/Kuxy/kuxy
INFO: [ app_init ] --START--
INFO: Run Behavior\BuildLiteBehavior [ RunTime:0.000000s ]
INFO: [ app_init ] --END-- [ RunTime:0.001000s ]

[ 2014-08-14T11:09:10+08:00 ] 127.0.0.1 /028jiajiao/Home/Kuxy/showxy/xyid/16407
INFO: [ app_init ] --START--
INFO: Run Behavior\BuildLiteBehavior [ RunTime:0.000000s ]
INFO: [ app_init ] --END-- [ RunTime:0.001000s ]

[ 2014-08-14T11:13:08+08:00 ] 127.0.0.1 /028jiajiao/index.php/Home/Kuxy/kuxy
INFO: [ app_init ] --START--
INFO: Run Behavior\BuildLiteBehavior [ RunTime:0.000000s ]
INFO: [ app_init ] --END-- [ RunTime:0.001000s ]

[ 2014-08-14T11:13:10+08:00 ] 127.0.0.1 /028jiajiao/Home/Kuxy/showxy/xyid/14854
INFO: [ app_init ] --START--
INFO: Run Behavior\BuildLiteBehavior [ RunTime:0.000000s ]
INFO: [ app_init ] --END-- [ RunTime:0.001000s ]

[ 2014-08-14T11:13:20+08:00 ] 127.0.0.1 /028jiajiao/index.php/Home/Kujy/kujy
INFO: [ app_init ] --START--
INFO: Run Behavior\BuildLiteBehavior [ RunTime:0.000000s ]
INFO: [ app_init ] --END-- [ RunTime:0.001000s ]

[ 2014-08-14T11:13:21+08:00 ] 127.0.0.1 /028jiajiao/index.php/Home/Kuxy/kuxy
INFO: [ app_init ] --START--
INFO: Run Behavior\BuildLiteBehavior [ RunTime:0.000000s ]
INFO: [ app_init ] --END-- [ RunTime:0.001000s ]

[ 2014-08-14T11:13:24+08:00 ] 127.0.0.1 /028jiajiao/Home/Kuxy/showxy/xyid/15633
INFO: [ app_init ] --START--
INFO: Run Behavior\BuildLiteBehavior [ RunTime:0.000000s ]
INFO: [ app_init ] --END-- [ RunTime:0.001000s ]

[ 2014-08-14T11:13:57+08:00 ] 127.0.0.1 /028jiajiao/index.php/Home/Kuxy/kuxy
INFO: [ app_init ] --START--
INFO: Run Behavior\BuildLiteBehavior [ RunTime:0.000000s ]
INFO: [ app_init ] --END-- [ RunTime:0.002000s ]

[ 2014-08-14T11:14:03+08:00 ] 127.0.0.1 /028jiajiao/index.php/Home/Regjy/regjy
INFO: [ app_init ] --START--
INFO: Run Behavior\BuildLiteBehavior [ RunTime:0.000000s ]
INFO: [ app_init ] --END-- [ RunTime:0.001000s ]

[ 2014-08-14T11:14:07+08:00 ] 127.0.0.1 /028jiajiao/Home/Regjy/zhuce_jy
INFO: [ app_init ] --START--
INFO: Run Behavior\BuildLiteBehavior [ RunTime:0.000000s ]
INFO: [ app_init ] --END-- [ RunTime:0.001000s ]

[ 2014-08-14T11:14:08+08:00 ] 127.0.0.1 /028jiajiao/Home/Regjy/jiaoyuan-zhuce.html
INFO: [ app_init ] --START--
INFO: Run Behavior\BuildLiteBehavior [ RunTime:0.000000s ]
INFO: [ app_init ] --END-- [ RunTime:0.001000s ]

[ 2014-08-14T11:14:08+08:00 ] 127.0.0.1 /028jiajiao/Home/js/themes/default/default.css
INFO: [ app_init ] --START--
INFO: Run Behavior\BuildLiteBehavior [ RunTime:0.000000s ]
INFO: [ app_init ] --END-- [ RunTime:0.001000s ]
ERR: 无法加载控制器:Js

[ 2014-08-14T11:14:08+08:00 ] 127.0.0.1 /028jiajiao/Home/Regjy/js/jquery-1.9.1.min.js
INFO: [ app_init ] --START--
INFO: Run Behavior\BuildLiteBehavior [ RunTime:0.001000s ]
INFO: [ app_init ] --END-- [ RunTime:0.002000s ]
ERR: 非法操作:js

[ 2014-08-14T11:14:08+08:00 ] 127.0.0.1 /028jiajiao/Home/Regjy/scripts/fullAvatarEditor.js
INFO: [ app_init ] --START--
INFO: Run Behavior\BuildLiteBehavior [ RunTime:0.000000s ]
INFO: [ app_init ] --END-- [ RunTime:0.002000s ]
ERR: 非法操作:scripts

[ 2014-08-14T11:14:08+08:00 ] 127.0.0.1 /028jiajiao/Home/js/kindeditor-all.js
INFO: [ app_init ] --START--
INFO: Run Behavior\BuildLiteBehavior [ RunTime:0.001000s ]
INFO: [ app_init ] --END-- [ RunTime:0.005000s ]
ERR: 无法加载控制器:Js

[ 2014-08-14T11:14:08+08:00 ] 127.0.0.1 /028jiajiao/Home/Regjy/scripts/swfobject.js
INFO: [ app_init ] --START--
INFO: Run Behavior\BuildLiteBehavior [ RunTime:0.000000s ]
INFO: [ app_init ] --END-- [ RunTime:0.001000s ]
ERR: 非法操作:scripts

[ 2014-08-14T11:14:08+08:00 ] 127.0.0.1 /028jiajiao/Home/Regjy/js/Validform_v5.3.2.js
INFO: [ app_init ] --START--
INFO: Run Behavior\BuildLiteBehavior [ RunTime:0.000000s ]
INFO: [ app_init ] --END-- [ RunTime:0.001000s ]
ERR: 非法操作:js

[ 2014-08-14T11:14:08+08:00 ] 127.0.0.1 /028jiajiao/Home/js/themes/default/default.css
INFO: [ app_init ] --START--
INFO: Run Behavior\BuildLiteBehavior [ RunTime:0.000000s ]
INFO: [ app_init ] --END-- [ RunTime:0.001001s ]
ERR: 无法加载控制器:Js

[ 2014-08-14T11:14:08+08:00 ] 127.0.0.1 /028jiajiao/Home/Regjy/scripts/swfobject.js
INFO: [ app_init ] --START--
INFO: Run Behavior\BuildLiteBehavior [ RunTime:0.000000s ]
INFO: [ app_init ] --END-- [ RunTime:0.000000s ]
ERR: 非法操作:scripts

[ 2014-08-14T11:14:08+08:00 ] 127.0.0.1 /028jiajiao/Home/Regjy/scripts/fullAvatarEditor.js
INFO: [ app_init ] --START--
INFO: Run Behavior\BuildLiteBehavior [ RunTime:0.000000s ]
INFO: [ app_init ] --END-- [ RunTime:0.001000s ]
ERR: 非法操作:scripts

[ 2014-08-14T11:14:08+08:00 ] 127.0.0.1 /028jiajiao/Home/js/kindeditor-all.js
INFO: [ app_init ] --START--
INFO: Run Behavior\BuildLiteBehavior [ RunTime:0.000000s ]
INFO: [ app_init ] --END-- [ RunTime:0.001000s ]
ERR: 无法加载控制器:Js

[ 2014-08-14T11:15:35+08:00 ] 127.0.0.1 /028jiajiao/index.php/Home/Kuxy/kuxy
INFO: [ app_init ] --START--
INFO: Run Behavior\BuildLiteBehavior [ RunTime:0.000000s ]
INFO: [ app_init ] --END-- [ RunTime:0.001000s ]

[ 2014-08-14T11:15:39+08:00 ] 127.0.0.1 /028jiajiao/Home/Kuxy/showxy/xyid/14854
INFO: [ app_init ] --START--
INFO: Run Behavior\BuildLiteBehavior [ RunTime:0.000000s ]
INFO: [ app_init ] --END-- [ RunTime:0.001000s ]

[ 2014-08-14T11:23:34+08:00 ] 127.0.0.1 /028jiajiao/index.php/Home/Kuxy/kuxy
INFO: [ app_init ] --START--
INFO: Run Behavior\BuildLiteBehavior [ RunTime:0.000000s ]
INFO: [ app_init ] --END-- [ RunTime:0.001000s ]

[ 2014-08-14T11:23:40+08:00 ] 127.0.0.1 /028jiajiao/Home/Kuxy/showxy/xyid/13827
INFO: [ app_init ] --START--
INFO: Run Behavior\BuildLiteBehavior [ RunTime:0.000000s ]
INFO: [ app_init ] --END-- [ RunTime:0.001000s ]

[ 2014-08-14T11:24:30+08:00 ] 127.0.0.1 /028jiajiao/Home/Kuxy/showxy/xyid/13827
INFO: [ app_init ] --START--
INFO: Run Behavior\BuildLiteBehavior [ RunTime:0.000000s ]
INFO: [ app_init ] --END-- [ RunTime:0.001000s ]

[ 2014-08-14T11:24:54+08:00 ] 127.0.0.1 /028jiajiao/Home/Kuxy/showxy/xyid/13827
INFO: [ app_init ] --START--
INFO: Run Behavior\BuildLiteBehavior [ RunTime:0.000000s ]
INFO: [ app_init ] --END-- [ RunTime:0.001000s ]

[ 2014-08-14T11:25:00+08:00 ] 127.0.0.1 /028jiajiao/Home/Kuxy/showxy/xyid/13827
INFO: [ app_init ] --START--
INFO: Run Behavior\BuildLiteBehavior [ RunTime:0.000000s ]
INFO: [ app_init ] --END-- [ RunTime:0.001000s ]

[ 2014-08-14T11:25:16+08:00 ] 127.0.0.1 /028jiajiao/Home/Kuxy/showxy/xyid/108
INFO: [ app_init ] --START--
INFO: Run Behavior\BuildLiteBehavior [ RunTime:0.000000s ]
INFO: [ app_init ] --END-- [ RunTime:0.001000s ]

[ 2014-08-14T11:34:30+08:00 ] 127.0.0.1 /028jiajiao/Home/Kuxy/showxy/xyid/108
INFO: [ app_init ] --START--
INFO: Run Behavior\BuildLiteBehavior [ RunTime:0.001000s ]
INFO: [ app_init ] --END-- [ RunTime:0.001000s ]

[ 2014-08-14T11:34:39+08:00 ] 127.0.0.1 /028jiajiao/Home/Kuxy/showxy/xyid/108
INFO: [ app_init ] --START--
INFO: Run Behavior\BuildLiteBehavior [ RunTime:0.000000s ]
INFO: [ app_init ] --END-- [ RunTime:0.001000s ]

[ 2014-08-14T11:34:45+08:00 ] 127.0.0.1 /028jiajiao/index.php/Home/Kuxy/kuxy
INFO: [ app_init ] --START--
INFO: Run Behavior\BuildLiteBehavior [ RunTime:0.000000s ]
INFO: [ app_init ] --END-- [ RunTime:0.001000s ]

[ 2014-08-14T11:34:47+08:00 ] 127.0.0.1 /028jiajiao/Home/Kuxy/showxy/xyid/15112
INFO: [ app_init ] --START--
INFO: Run Behavior\BuildLiteBehavior [ RunTime:0.000000s ]
INFO: [ app_init ] --END-- [ RunTime:0.000000s ]

[ 2014-08-14T11:34:54+08:00 ] 127.0.0.1 /028jiajiao/index.php/Home/Kuxy/kuxy
INFO: [ app_init ] --START--
INFO: Run Behavior\BuildLiteBehavior [ RunTime:0.000000s ]
INFO: [ app_init ] --END-- [ RunTime:0.001000s ]

[ 2014-08-14T11:34:56+08:00 ] 127.0.0.1 /028jiajiao/Home/Kuxy/showxy/xyid/16400
INFO: [ app_init ] --START--
INFO: Run Behavior\BuildLiteBehavior [ RunTime:0.000000s ]
INFO: [ app_init ] --END-- [ RunTime:0.001000s ]

[ 2014-08-14T11:35:12+08:00 ] 127.0.0.1 /028jiajiao/index.php/Home/Kuxy/kuxy
INFO: [ app_init ] --START--
INFO: Run Behavior\BuildLiteBehavior [ RunTime:0.000000s ]
INFO: [ app_init ] --END-- [ RunTime:0.001000s ]

[ 2014-08-14T11:35:16+08:00 ] 127.0.0.1 /028jiajiao/Home/Kuxy/showxy/xyid/16407
INFO: [ app_init ] --START--
INFO: Run Behavior\BuildLiteBehavior [ RunTime:0.000000s ]
INFO: [ app_init ] --END-- [ RunTime:0.001000s ]

[ 2014-08-14T11:36:38+08:00 ] 127.0.0.1 /028jiajiao/index.php/Home/Kuxy/kuxy
INFO: [ app_init ] --START--
INFO: Run Behavior\BuildLiteBehavior [ RunTime:0.001000s ]
INFO: [ app_init ] --END-- [ RunTime:0.001000s ]

[ 2014-08-14T11:36:40+08:00 ] 127.0.0.1 /028jiajiao/Home/Kuxy/showxy/xyid/14855
INFO: [ app_init ] --START--
INFO: Run Behavior\BuildLiteBehavior [ RunTime:0.000000s ]
INFO: [ app_init ] --END-- [ RunTime:0.001000s ]

[ 2014-08-14T11:36:59+08:00 ] 127.0.0.1 /028jiajiao/Home/Kuxy/showxy/xyid/14855
INFO: [ app_init ] --START--
INFO: Run Behavior\BuildLiteBehavior [ RunTime:0.000000s ]
INFO: [ app_init ] --END-- [ RunTime:0.001000s ]

[ 2014-08-14T11:39:34+08:00 ] 127.0.0.1 /028jiajiao/index.php/Home/Kuxy/kuxy
INFO: [ app_init ] --START--
INFO: Run Behavior\BuildLiteBehavior [ RunTime:0.001000s ]
INFO: [ app_init ] --END-- [ RunTime:0.001000s ]

[ 2014-08-14T11:39:36+08:00 ] 127.0.0.1 /028jiajiao/Home/Kuxy/showxy/xyid/14854
INFO: [ app_init ] --START--
INFO: Run Behavior\BuildLiteBehavior [ RunTime:0.000000s ]
INFO: [ app_init ] --END-- [ RunTime:0.001000s ]

[ 2014-08-14T11:40:27+08:00 ] 127.0.0.1 /028jiajiao/Home/Kuxy/showxy/xyid/14854
INFO: [ app_init ] --START--
INFO: Run Behavior\BuildLiteBehavior [ RunTime:0.000000s ]
INFO: [ app_init ] --END-- [ RunTime:0.001000s ]

[ 2014-08-14T11:40:34+08:00 ] 127.0.0.1 /028jiajiao/Home/Kuxy/showxy/
INFO: [ app_init ] --START--
INFO: Run Behavior\BuildLiteBehavior [ RunTime:0.000000s ]
INFO: [ app_init ] --END-- [ RunTime:0.001000s ]

[ 2014-08-14T11:40:40+08:00 ] 127.0.0.1 /028jiajiao/index.php/Home/Kuxy/kuxy
INFO: [ app_init ] --START--
INFO: Run Behavior\BuildLiteBehavior [ RunTime:0.000000s ]
INFO: [ app_init ] --END-- [ RunTime:0.001000s ]

[ 2014-08-14T11:40:43+08:00 ] 127.0.0.1 /028jiajiao/Home/Kuxy/showxy/xyid/15112
INFO: [ app_init ] --START--
INFO: Run Behavior\BuildLiteBehavior [ RunTime:0.000000s ]
INFO: [ app_init ] --END-- [ RunTime:0.001000s ]

[ 2014-08-14T11:51:02+08:00 ] 127.0.0.1 /028jiajiao/index.php/Home/Kuxy/kuxy
INFO: [ app_init ] --START--
INFO: Run Behavior\BuildLiteBehavior [ RunTime:0.000000s ]
INFO: [ app_init ] --END-- [ RunTime:0.001000s ]

[ 2014-08-14T11:51:04+08:00 ] 127.0.0.1 /028jiajiao/Home/Kuxy/showxy/xyid/13827
INFO: [ app_init ] --START--
INFO: Run Behavior\BuildLiteBehavior [ RunTime:0.000000s ]
INFO: [ app_init ] --END-- [ RunTime:0.001000s ]

[ 2014-08-14T11:58:15+08:00 ] 127.0.0.1 /028jiajiao/
INFO: [ app_init ] --START--
INFO: Run Behavior\BuildLiteBehavior [ RunTime:0.000000s ]
INFO: [ app_init ] --END-- [ RunTime:0.001000s ]

[ 2014-08-14T11:58:18+08:00 ] 127.0.0.1 /028jiajiao/index.php/Home/Kuxy/kuxy
INFO: [ app_init ] --START--
INFO: Run Behavior\BuildLiteBehavior [ RunTime:0.000000s ]
INFO: [ app_init ] --END-- [ RunTime:0.001000s ]

[ 2014-08-14T11:58:20+08:00 ] 127.0.0.1 /028jiajiao/Home/Kuxy/showxy/xyid/14854
INFO: [ app_init ] --START--
INFO: Run Behavior\BuildLiteBehavior [ RunTime:0.000000s ]
INFO: [ app_init ] --END-- [ RunTime:0.001000s ]

[ 2014-08-14T11:58:43+08:00 ] 127.0.0.1 /028jiajiao/Home/Kuxy/showxy/xyid/14854
INFO: [ app_init ] --START--
INFO: Run Behavior\BuildLiteBehavior [ RunTime:0.000000s ]
INFO: [ app_init ] --END-- [ RunTime:0.001000s ]

[ 2014-08-14T11:59:03+08:00 ] 127.0.0.1 /028jiajiao/Home/Kuxy/showxy/xyid/14854
INFO: [ app_init ] --START--
INFO: Run Behavior\BuildLiteBehavior [ RunTime:0.000000s ]
INFO: [ app_init ] --END-- [ RunTime:0.001000s ]

[ 2014-08-14T11:59:07+08:00 ] 127.0.0.1 /028jiajiao/Home/Kuxy
INFO: [ app_init ] --START--
INFO: Run Behavior\BuildLiteBehavior [ RunTime:0.000000s ]
INFO: [ app_init ] --END-- [ RunTime:0.001000s ]
ERR: 非法操作:index

[ 2014-08-14T11:59:11+08:00 ] 127.0.0.1 /028jiajiao/Home/
INFO: [ app_init ] --START--
INFO: Run Behavior\BuildLiteBehavior [ RunTime:0.000000s ]
INFO: [ app_init ] --END-- [ RunTime:0.001000s ]

[ 2014-08-14T11:59:12+08:00 ] 127.0.0.1 /028jiajiao/index.php/Home/Kuxy/kuxy
INFO: [ app_init ] --START--
INFO: Run Behavior\BuildLiteBehavior [ RunTime:0.000000s ]
INFO: [ app_init ] --END-- [ RunTime:0.001000s ]

[ 2014-08-14T11:59:15+08:00 ] 127.0.0.1 /028jiajiao/Home/Kuxy/showxy/xyid/14854
INFO: [ app_init ] --START--
INFO: Run Behavior\BuildLiteBehavior [ RunTime:0.000000s ]
INFO: [ app_init ] --END-- [ RunTime:0.001000s ]

[ 2014-08-14T11:59:36+08:00 ] 127.0.0.1 /028jiajiao/Home/Kuxy/showxy/xyid/14854
INFO: [ app_init ] --START--
INFO: Run Behavior\BuildLiteBehavior [ RunTime:0.000000s ]
INFO: [ app_init ] --END-- [ RunTime:0.001000s ]

[ 2014-08-14T11:59:39+08:00 ] 127.0.0.1 /028jiajiao/Home/Kuxy/showxy
INFO: [ app_init ] --START--
INFO: Run Behavior\BuildLiteBehavior [ RunTime:0.000000s ]
INFO: [ app_init ] --END-- [ RunTime:0.001000s ]

[ 2014-08-14T11:59:57+08:00 ] 127.0.0.1 /028jiajiao/Home/Kuxy/showxy
INFO: [ app_init ] --START--
INFO: Run Behavior\BuildLiteBehavior [ RunTime:0.000000s ]
INFO: [ app_init ] --END-- [ RunTime:0.001000s ]

[ 2014-08-14T11:59:57+08:00 ] 127.0.0.1 /028jiajiao/Home/Kuxy/showxy
INFO: [ app_init ] --START--
INFO: Run Behavior\BuildLiteBehavior [ RunTime:0.000000s ]
INFO: [ app_init ] --END-- [ RunTime:0.001000s ]

[ 2014-08-14T11:59:58+08:00 ] 127.0.0.1 /028jiajiao/Home/Kuxy/showxy
INFO: [ app_init ] --START--
INFO: Run Behavior\BuildLiteBehavior [ RunTime:0.000000s ]
INFO: [ app_init ] --END-- [ RunTime:0.001000s ]

[ 2014-08-14T11:59:58+08:00 ] 127.0.0.1 /028jiajiao/Home/Kuxy/showxy
INFO: [ app_init ] --START--
INFO: Run Behavior\BuildLiteBehavior [ RunTime:0.000000s ]
INFO: [ app_init ] --END-- [ RunTime:0.001000s ]

[ 2014-08-14T11:59:58+08:00 ] 127.0.0.1 /028jiajiao/Home/Kuxy/showxy
INFO: [ app_init ] --START--
INFO: Run Behavior\BuildLiteBehavior [ RunTime:0.000000s ]
INFO: [ app_init ] --END-- [ RunTime:0.001000s ]

[ 2014-08-14T12:00:12+08:00 ] 127.0.0.1 /028jiajiao/
INFO: [ app_init ] --START--
INFO: Run Behavior\BuildLiteBehavior [ RunTime:0.000000s ]
INFO: [ app_init ] --END-- [ RunTime:0.001000s ]

[ 2014-08-14T12:00:17+08:00 ] 127.0.0.1 /028jiajiao/index.php/Home/Kuxy/kuxy
INFO: [ app_init ] --START--
INFO: Run Behavior\BuildLiteBehavior [ RunTime:0.000000s ]
INFO: [ app_init ] --END-- [ RunTime:0.001000s ]

[ 2014-08-14T12:00:19+08:00 ] 127.0.0.1 /028jiajiao/Home/Kuxy/showxy/xyid/14855
INFO: [ app_init ] --START--
INFO: Run Behavior\BuildLiteBehavior [ RunTime:0.000000s ]
INFO: [ app_init ] --END-- [ RunTime:0.001000s ]

[ 2014-08-14T12:07:40+08:00 ] 127.0.0.1 /028jiajiao/Home/Kuxy/
INFO: [ app_init ] --START--
INFO: Run Behavior\BuildLiteBehavior [ RunTime:0.001000s ]
INFO: [ app_init ] --END-- [ RunTime:0.001000s ]
ERR: 非法操作:index

[ 2014-08-14T12:07:44+08:00 ] 127.0.0.1 /028jiajiao/Home/
INFO: [ app_init ] --START--
INFO: Run Behavior\BuildLiteBehavior [ RunTime:0.000000s ]
INFO: [ app_init ] --END-- [ RunTime:0.002000s ]

[ 2014-08-14T12:07:46+08:00 ] 127.0.0.1 /028jiajiao/index.php/Home/Kuxy/kuxy
INFO: [ app_init ] --START--
INFO: Run Behavior\BuildLiteBehavior [ RunTime:0.000000s ]
INFO: [ app_init ] --END-- [ RunTime:0.002000s ]

[ 2014-08-14T12:07:48+08:00 ] 127.0.0.1 /028jiajiao/Home/Kuxy/showxy/xyid/13827
INFO: [ app_init ] --START--
INFO: Run Behavior\BuildLiteBehavior [ RunTime:0.000000s ]
INFO: [ app_init ] --END-- [ RunTime:0.000000s ]

[ 2014-08-14T12:07:58+08:00 ] 127.0.0.1 /028jiajiao/index.php/Home/Kuxy/kuxy
INFO: [ app_init ] --START--
INFO: Run Behavior\BuildLiteBehavior [ RunTime:0.000000s ]
INFO: [ app_init ] --END-- [ RunTime:0.001000s ]

[ 2014-08-14T12:08:01+08:00 ] 127.0.0.1 /028jiajiao/Home/Kuxy/showxy/xyid/15112
INFO: [ app_init ] --START--
INFO: Run Behavior\BuildLiteBehavior [ RunTime:0.000000s ]
INFO: [ app_init ] --END-- [ RunTime:0.001000s ]

[ 2014-08-14T12:08:06+08:00 ] 127.0.0.1 /028jiajiao/Home/Kuxy/showxy/xyid/16400
INFO: [ app_init ] --START--
INFO: Run Behavior\BuildLiteBehavior [ RunTime:0.000000s ]
INFO: [ app_init ] --END-- [ RunTime:0.001000s ]

[ 2014-08-14T12:08:12+08:00 ] 127.0.0.1 /028jiajiao/Home/Kuxy/showxy/xyid/15128
INFO: [ app_init ] --START--
INFO: Run Behavior\BuildLiteBehavior [ RunTime:0.000000s ]
INFO: [ app_init ] --END-- [ RunTime:0.001000s ]

[ 2014-08-14T12:08:29+08:00 ] 127.0.0.1 /028jiajiao/Home/Kuxy/showxy/xyid/15128
INFO: [ app_init ] --START--
INFO: Run Behavior\BuildLiteBehavior [ RunTime:0.000000s ]
INFO: [ app_init ] --END-- [ RunTime:0.001000s ]

[ 2014-08-14T12:08:37+08:00 ] 127.0.0.1 /028jiajiao/index.php/Home/Kuxy/kuxy
INFO: [ app_init ] --START--
INFO: Run Behavior\BuildLiteBehavior [ RunTime:0.000000s ]
INFO: [ app_init ] --END-- [ RunTime:0.001000s ]

[ 2014-08-14T12:08:39+08:00 ] 127.0.0.1 /028jiajiao/Home/Kuxy/showxy/xyid/15114
INFO: [ app_init ] --START--
INFO: Run Behavior\BuildLiteBehavior [ RunTime:0.000000s ]
INFO: [ app_init ] --END-- [ RunTime:0.001000s ]

[ 2014-08-14T12:10:29+08:00 ] 127.0.0.1 /028jiajiao/index.php/Home/Kuxy/kuxy
INFO: [ app_init ] --START--
INFO: Run Behavior\BuildLiteBehavior [ RunTime:0.000000s ]
INFO: [ app_init ] --END-- [ RunTime:0.001000s ]

[ 2014-08-14T12:10:31+08:00 ] 127.0.0.1 /028jiajiao/Home/Kuxy/showxy/xyid/14854
INFO: [ app_init ] --START--
INFO: Run Behavior\BuildLiteBehavior [ RunTime:0.000000s ]
INFO: [ app_init ] --END-- [ RunTime:0.001000s ]

[ 2014-08-14T12:10:53+08:00 ] 127.0.0.1 /028jiajiao/index.php/Home/Kuxy/kuxy
INFO: [ app_init ] --START--
INFO: Run Behavior\BuildLiteBehavior [ RunTime:0.000000s ]
INFO: [ app_init ] --END-- [ RunTime:0.001000s ]

[ 2014-08-14T12:10:55+08:00 ] 127.0.0.1 /028jiajiao/Home/Kuxy/showxy/xyid/13827
INFO: [ app_init ] --START--
INFO: Run Behavior\BuildLiteBehavior [ RunTime:0.000000s ]
INFO: [ app_init ] --END-- [ RunTime:0.001000s ]

[ 2014-08-14T12:11:05+08:00 ] 127.0.0.1 /028jiajiao/index.php/Home/Kuxy/kuxy
INFO: [ app_init ] --START--
INFO: Run Behavior\BuildLiteBehavior [ RunTime:0.000000s ]
INFO: [ app_init ] --END-- [ RunTime:0.001000s ]

[ 2014-08-14T12:11:07+08:00 ] 127.0.0.1 /028jiajiao/Home/Kuxy/showxy/xyid/15633
INFO: [ app_init ] --START--
INFO: Run Behavior\BuildLiteBehavior [ RunTime:0.001000s ]
INFO: [ app_init ] --END-- [ RunTime:0.001000s ]

[ 2014-08-14T12:14:08+08:00 ] 127.0.0.1 /028jiajiao/Home/Kuxy/showxy/xyid/15633
INFO: [ app_init ] --START--
INFO: Run Behavior\BuildLiteBehavior [ RunTime:0.000000s ]
INFO: [ app_init ] --END-- [ RunTime:0.001000s ]

[ 2014-08-14T12:14:18+08:00 ] 127.0.0.1 /028jiajiao/Home/Kuxy/showxy/xyid/15633
INFO: [ app_init ] --START--
INFO: Run Behavior\BuildLiteBehavior [ RunTime:0.000000s ]
INFO: [ app_init ] --END-- [ RunTime:0.002001s ]

[ 2014-08-14T12:14:33+08:00 ] 127.0.0.1 /028jiajiao/Home/Kuxy/showxy/xyid/15633
INFO: [ app_init ] --START--
INFO: Run Behavior\BuildLiteBehavior [ RunTime:0.000000s ]
INFO: [ app_init ] --END-- [ RunTime:0.001000s ]

[ 2014-08-14T12:14:38+08:00 ] 127.0.0.1 /028jiajiao/index.php/Home/Kuxy/kuxy
INFO: [ app_init ] --START--
INFO: Run Behavior\BuildLiteBehavior [ RunTime:0.000000s ]
INFO: [ app_init ] --END-- [ RunTime:0.001000s ]

[ 2014-08-14T12:14:45+08:00 ] 127.0.0.1 /028jiajiao/Home/Kuxy/showxy/xyid/15129
INFO: [ app_init ] --START--
INFO: Run Behavior\BuildLiteBehavior [ RunTime:0.000000s ]
INFO: [ app_init ] --END-- [ RunTime:0.002000s ]

[ 2014-08-14T12:16:21+08:00 ] 127.0.0.1 /028jiajiao/Home/Kuxy/showxy/xyid/15129
INFO: [ app_init ] --START--
INFO: Run Behavior\BuildLiteBehavior [ RunTime:0.000000s ]
INFO: [ app_init ] --END-- [ RunTime:0.001000s ]

[ 2014-08-14T12:16:26+08:00 ] 127.0.0.1 /028jiajiao/Home/Kuxy/showxy/xyid/15129
INFO: [ app_init ] --START--
INFO: Run Behavior\BuildLiteBehavior [ RunTime:0.000000s ]
INFO: [ app_init ] --END-- [ RunTime:0.001000s ]

[ 2014-08-14T12:16:30+08:00 ] 127.0.0.1 /028jiajiao/index.php/Home/Kuxy/kuxy
INFO: [ app_init ] --START--
INFO: Run Behavior\BuildLiteBehavior [ RunTime:0.000000s ]
INFO: [ app_init ] --END-- [ RunTime:0.001000s ]

[ 2014-08-14T12:16:40+08:00 ] 127.0.0.1 /028jiajiao/Home/Kuxy/showxy/xyid/14854
INFO: [ app_init ] --START--
INFO: Run Behavior\BuildLiteBehavior [ RunTime:0.000000s ]
INFO: [ app_init ] --END-- [ RunTime:0.001000s ]

[ 2014-08-14T12:17:15+08:00 ] 127.0.0.1 /028jiajiao/Home/Kuxy/showxy/xyid/14854
INFO: [ app_init ] --START--
INFO: Run Behavior\BuildLiteBehavior [ RunTime:0.000000s ]
INFO: [ app_init ] --END-- [ RunTime:0.001000s ]

[ 2014-08-14T12:17:17+08:00 ] 127.0.0.1 /028jiajiao/index.php/Home/Kuxy/kuxy
INFO: [ app_init ] --START--
INFO: Run Behavior\BuildLiteBehavior [ RunTime:0.000000s ]
INFO: [ app_init ] --END-- [ RunTime:0.001000s ]

[ 2014-08-14T12:17:19+08:00 ] 127.0.0.1 /028jiajiao/Home/Kuxy/showxy/xyid/14855
INFO: [ app_init ] --START--
INFO: Run Behavior\BuildLiteBehavior [ RunTime:0.000000s ]
INFO: [ app_init ] --END-- [ RunTime:0.001000s ]

[ 2014-08-14T12:17:24+08:00 ] 127.0.0.1 /028jiajiao/index.php/Home/Kuxy/kuxy
INFO: [ app_init ] --START--
INFO: Run Behavior\BuildLiteBehavior [ RunTime:0.000000s ]
INFO: [ app_init ] --END-- [ RunTime:0.001000s ]

[ 2014-08-14T12:17:27+08:00 ] 127.0.0.1 /028jiajiao/Home/Kuxy/showxy/xyid/16407
INFO: [ app_init ] --START--
INFO: Run Behavior\BuildLiteBehavior [ RunTime:0.000000s ]
INFO: [ app_init ] --END-- [ RunTime:0.001000s ]

[ 2014-08-14T12:17:33+08:00 ] 127.0.0.1 /028jiajiao/index.php/Home/Kuxy/kuxy
INFO: [ app_init ] --START--
INFO: Run Behavior\BuildLiteBehavior [ RunTime:0.000000s ]
INFO: [ app_init ] --END-- [ RunTime:0.001000s ]

[ 2014-08-14T12:17:34+08:00 ] 127.0.0.1 /028jiajiao/Home/Kuxy/showxy/xyid/15129
INFO: [ app_init ] --START--
INFO: Run Behavior\BuildLiteBehavior [ RunTime:0.000000s ]
INFO: [ app_init ] --END-- [ RunTime:0.001000s ]

[ 2014-08-14T12:17:43+08:00 ] 127.0.0.1 /028jiajiao/index.php/Home/Kuxy/kuxy
INFO: [ app_init ] --START--
INFO: Run Behavior\BuildLiteBehavior [ RunTime:0.000000s ]
INFO: [ app_init ] --END-- [ RunTime:0.001001s ]

[ 2014-08-14T12:17:46+08:00 ] 127.0.0.1 /028jiajiao/index.php/Home/Kuxy/kuxy/p/8.html
INFO: [ app_init ] --START--
INFO: Run Behavior\BuildLiteBehavior [ RunTime:0.000000s ]
INFO: [ app_init ] --END-- [ RunTime:0.001000s ]

[ 2014-08-14T12:17:48+08:00 ] 127.0.0.1 /028jiajiao/Home/Kuxy/showxy/xyid/15245
INFO: [ app_init ] --START--
INFO: Run Behavior\BuildLiteBehavior [ RunTime:0.000000s ]
INFO: [ app_init ] --END-- [ RunTime:0.000000s ]

[ 2014-08-14T12:17:56+08:00 ] 127.0.0.1 /028jiajiao/index.php/Home/Kuxy/kuxy
INFO: [ app_init ] --START--
INFO: Run Behavior\BuildLiteBehavior [ RunTime:0.000000s ]
INFO: [ app_init ] --END-- [ RunTime:0.000000s ]

[ 2014-08-14T12:22:13+08:00 ] 127.0.0.1 /028jiajiao/index.php/Home/Kujy/kujy
INFO: [ app_init ] --START--
INFO: Run Behavior\BuildLiteBehavior [ RunTime:0.000000s ]
INFO: [ app_init ] --END-- [ RunTime:0.001000s ]

[ 2014-08-14T12:26:07+08:00 ] 127.0.0.1 /028jiajiao/index.php/Home/Kujy/kujy
INFO: [ app_init ] --START--
INFO: Run Behavior\BuildLiteBehavior [ RunTime:0.000000s ]
INFO: [ app_init ] --END-- [ RunTime:0.001000s ]

[ 2014-08-14T12:26:09+08:00 ] 127.0.0.1 /028jiajiao/index.php/Home/Kuxy/kuxy
INFO: [ app_init ] --START--
INFO: Run Behavior\BuildLiteBehavior [ RunTime:0.001000s ]
INFO: [ app_init ] --END-- [ RunTime:0.001000s ]

[ 2014-08-14T12:26:11+08:00 ] 127.0.0.1 /028jiajiao/Home/Kuxy/showxy/xyid/15112
INFO: [ app_init ] --START--
INFO: Run Behavior\BuildLiteBehavior [ RunTime:0.000000s ]
INFO: [ app_init ] --END-- [ RunTime:0.001000s ]

[ 2014-08-14T13:28:30+08:00 ] 127.0.0.1 /028jiajiao/index.php/Home/Kuxy/kuxy
INFO: [ app_init ] --START--
INFO: Run Behavior\BuildLiteBehavior [ RunTime:0.000000s ]
INFO: [ app_init ] --END-- [ RunTime:0.002000s ]

[ 2014-08-14T13:28:32+08:00 ] 127.0.0.1 /028jiajiao/index.php/Home/Kujy/kujy
INFO: [ app_init ] --START--
INFO: Run Behavior\BuildLiteBehavior [ RunTime:0.000000s ]
INFO: [ app_init ] --END-- [ RunTime:0.001000s ]

[ 2014-08-14T13:28:35+08:00 ] 127.0.0.1 /028jiajiao/Home/Kujy/showjy/userid/39668
INFO: [ app_init ] --START--
INFO: Run Behavior\BuildLiteBehavior [ RunTime:0.000000s ]
INFO: [ app_init ] --END-- [ RunTime:0.001000s ]

[ 2014-08-14T13:30:37+08:00 ] 127.0.0.1 /028jiajiao/Home/Kujy/showjy/userid/39668
INFO: [ app_init ] --START--
INFO: Run Behavior\BuildLiteBehavior [ RunTime:0.000000s ]
INFO: [ app_init ] --END-- [ RunTime:0.001000s ]

[ 2014-08-14T13:31:12+08:00 ] 127.0.0.1 /028jiajiao/Home/Kujy/showjy/userid/39668
INFO: [ app_init ] --START--
INFO: Run Behavior\BuildLiteBehavior [ RunTime:0.000000s ]
INFO: [ app_init ] --END-- [ RunTime:0.001001s ]

[ 2014-08-14T13:32:29+08:00 ] 127.0.0.1 /028jiajiao/Home/Kujy/showjy/userid/39668
INFO: [ app_init ] --START--
INFO: Run Behavior\BuildLiteBehavior [ RunTime:0.000000s ]
INFO: [ app_init ] --END-- [ RunTime:0.001000s ]

[ 2014-08-14T13:32:46+08:00 ] 127.0.0.1 /028jiajiao/Home/Kujy/showjy/userid/39668
INFO: [ app_init ] --START--
INFO: Run Behavior\BuildLiteBehavior [ RunTime:0.000000s ]
INFO: [ app_init ] --END-- [ RunTime:0.001000s ]

[ 2014-08-14T13:33:20+08:00 ] 127.0.0.1 /028jiajiao/Home/Kujy/showjy/userid/39668
INFO: [ app_init ] --START--
INFO: Run Behavior\BuildLiteBehavior [ RunTime:0.000000s ]
INFO: [ app_init ] --END-- [ RunTime:0.001000s ]

[ 2014-08-14T13:33:22+08:00 ] 127.0.0.1 /028jiajiao/Home/Kujy/showjy/userid/39668
INFO: [ app_init ] --START--
INFO: Run Behavior\BuildLiteBehavior [ RunTime:0.000000s ]
INFO: [ app_init ] --END-- [ RunTime:0.002000s ]

[ 2014-08-14T13:33:25+08:00 ] 127.0.0.1 /028jiajiao/index.php/Home/Kujy/kujy
INFO: [ app_init ] --START--
INFO: Run Behavior\BuildLiteBehavior [ RunTime:0.000000s ]
INFO: [ app_init ] --END-- [ RunTime:0.001000s ]

[ 2014-08-14T13:33:30+08:00 ] 127.0.0.1 /028jiajiao/Home/Kujy/showjy/userid/39658
INFO: [ app_init ] --START--
INFO: Run Behavior\BuildLiteBehavior [ RunTime:0.000000s ]
INFO: [ app_init ] --END-- [ RunTime:0.001000s ]

[ 2014-08-14T13:34:49+08:00 ] 127.0.0.1 /028jiajiao/index.php/Home/Kujy/kujy
INFO: [ app_init ] --START--
INFO: Run Behavior\BuildLiteBehavior [ RunTime:0.000000s ]
INFO: [ app_init ] --END-- [ RunTime:0.001000s ]

[ 2014-08-14T13:34:58+08:00 ] 127.0.0.1 /028jiajiao/Home/Kujy/showjy/userid/39667
INFO: [ app_init ] --START--
INFO: Run Behavior\BuildLiteBehavior [ RunTime:0.001000s ]
INFO: [ app_init ] --END-- [ RunTime:0.001000s ]

[ 2014-08-14T13:36:31+08:00 ] 127.0.0.1 /028jiajiao/Home/Kujy/showjy/userid/3
INFO: [ app_init ] --START--
INFO: Run Behavior\BuildLiteBehavior [ RunTime:0.000000s ]
INFO: [ app_init ] --END-- [ RunTime:0.000000s ]

[ 2014-08-14T13:39:35+08:00 ] 127.0.0.1 /028jiajiao/Home/Kujy/showjy/userid/3
INFO: [ app_init ] --START--
INFO: Run Behavior\BuildLiteBehavior [ RunTime:0.000000s ]
INFO: [ app_init ] --END-- [ RunTime:0.001000s ]

[ 2014-08-14T13:41:31+08:00 ] 127.0.0.1 /028jiajiao/Home/Kujy/showjy/userid/3
INFO: [ app_init ] --START--
INFO: Run Behavior\BuildLiteBehavior [ RunTime:0.000000s ]
INFO: [ app_init ] --END-- [ RunTime:0.001001s ]

[ 2014-08-14T13:41:34+08:00 ] 127.0.0.1 /028jiajiao/Home/Kujy/showjy/userid/3
INFO: [ app_init ] --START--
INFO: Run Behavior\BuildLiteBehavior [ RunTime:0.000000s ]
INFO: [ app_init ] --END-- [ RunTime:0.001000s ]

[ 2014-08-14T13:42:35+08:00 ] 127.0.0.1 /028jiajiao/Home/Kujy/showjy/userid/3
INFO: [ app_init ] --START--
INFO: Run Behavior\BuildLiteBehavior [ RunTime:0.000000s ]
INFO: [ app_init ] --END-- [ RunTime:0.001000s ]

[ 2014-08-14T13:43:05+08:00 ] 127.0.0.1 /028jiajiao/Home/Kujy/showjy/userid/3
INFO: [ app_init ] --START--
INFO: Run Behavior\BuildLiteBehavior [ RunTime:0.000000s ]
INFO: [ app_init ] --END-- [ RunTime:0.002000s ]

[ 2014-08-14T13:43:36+08:00 ] 127.0.0.1 /028jiajiao/index.php/Home/Kujy/kujy
INFO: [ app_init ] --START--
INFO: Run Behavior\BuildLiteBehavior [ RunTime:0.000000s ]
INFO: [ app_init ] --END-- [ RunTime:0.001000s ]

[ 2014-08-14T13:43:37+08:00 ] 127.0.0.1 /028jiajiao/index.php/Home/Kuxy/kuxy
INFO: [ app_init ] --START--
INFO: Run Behavior\BuildLiteBehavior [ RunTime:0.000000s ]
INFO: [ app_init ] --END-- [ RunTime:0.001000s ]

[ 2014-08-14T13:43:40+08:00 ] 127.0.0.1 /028jiajiao/index.php/Home/Regjy/regjy
INFO: [ app_init ] --START--
INFO: Run Behavior\BuildLiteBehavior [ RunTime:0.000000s ]
INFO: [ app_init ] --END-- [ RunTime:0.001000s ]

[ 2014-08-14T13:43:44+08:00 ] 127.0.0.1 /028jiajiao/index.php/Home/Regxy/regxy
INFO: [ app_init ] --START--
INFO: Run Behavior\BuildLiteBehavior [ RunTime:0.000000s ]
INFO: [ app_init ] --END-- [ RunTime:0.001000s ]

[ 2014-08-14T13:43:44+08:00 ] 127.0.0.1 /028jiajiao/index.php/Home/Regxy/js/Reg_XY.js
INFO: [ app_init ] --START--
INFO: Run Behavior\BuildLiteBehavior [ RunTime:0.001000s ]
INFO: [ app_init ] --END-- [ RunTime:0.001000s ]
ERR: 非法操作:js

[ 2014-08-14T13:43:46+08:00 ] 127.0.0.1 /028jiajiao/index.php/Home/Index/index.html
INFO: [ app_init ] --START--
INFO: Run Behavior\BuildLiteBehavior [ RunTime:0.000000s ]
INFO: [ app_init ] --END-- [ RunTime:0.002000s ]

[ 2014-08-14T13:43:51+08:00 ] 127.0.0.1 /028jiajiao/index.php/Home/Index/news.asp
INFO: [ app_init ] --START--
INFO: Run Behavior\BuildLiteBehavior [ RunTime:0.000000s ]
INFO: [ app_init ] --END-- [ RunTime:0.001001s ]
ERR: 非法操作:news.asp

[ 2014-08-14T13:48:32+08:00 ] 127.0.0.1 /028jiajiao/index.php/Home/Index/index.html
INFO: [ app_init ] --START--
INFO: Run Behavior\BuildLiteBehavior [ RunTime:0.000000s ]
INFO: [ app_init ] --END-- [ RunTime:0.001000s ]

[ 2014-08-14T13:48:34+08:00 ] 127.0.0.1 /028jiajiao/index.php/Home/Index/about.html
INFO: [ app_init ] --START--
INFO: Run Behavior\BuildLiteBehavior [ RunTime:0.000000s ]
INFO: [ app_init ] --END-- [ RunTime:0.001000s ]

[ 2014-08-14T13:50:25+08:00 ] 127.0.0.1 /028jiajiao/index.php/Home/Index/about.html
INFO: [ app_init ] --START--
INFO: Run Behavior\BuildLiteBehavior [ RunTime:0.000000s ]
INFO: [ app_init ] --END-- [ RunTime:0.001000s ]

[ 2014-08-14T13:50:39+08:00 ] 127.0.0.1 /028jiajiao/index.php/Home/Index/about.html
INFO: [ app_init ] --START--
INFO: Run Behavior\BuildLiteBehavior [ RunTime:0.000000s ]
INFO: [ app_init ] --END-- [ RunTime:0.001000s ]

[ 2014-08-14T13:50:48+08:00 ] 127.0.0.1 /028jiajiao/index.php/Home/Index/news.html
INFO: [ app_init ] --START--
INFO: Run Behavior\BuildLiteBehavior [ RunTime:0.000000s ]
INFO: [ app_init ] --END-- [ RunTime:0.001000s ]

[ 2014-08-14T13:50:48+08:00 ] 127.0.0.1 /028jiajiao/index.php/Home/Index/style/buttons.css
INFO: [ app_init ] --START--
INFO: Run Behavior\BuildLiteBehavior [ RunTime:0.000000s ]
INFO: [ app_init ] --END-- [ RunTime:0.001000s ]
ERR: 非法操作:style

[ 2014-08-14T13:56:06+08:00 ] 127.0.0.1 /028jiajiao/
INFO: [ app_init ] --START--
INFO: Run Behavior\BuildLiteBehavior [ RunTime:0.000000s ]
INFO: [ app_init ] --END-- [ RunTime:0.000000s ]

[ 2014-08-14T13:56:09+08:00 ] 127.0.0.1 /028jiajiao/index.php/Home/Index/news.html
INFO: [ app_init ] --START--
INFO: Run Behavior\BuildLiteBehavior [ RunTime:0.000000s ]
INFO: [ app_init ] --END-- [ RunTime:0.000000s ]

[ 2014-08-14T13:56:09+08:00 ] 127.0.0.1 /028jiajiao/index.php/Home/Index/style/buttons.css
INFO: [ app_init ] --START--
INFO: Run Behavior\BuildLiteBehavior [ RunTime:0.000000s ]
INFO: [ app_init ] --END-- [ RunTime:0.000000s ]
ERR: 非法操作:style

[ 2014-08-14T13:56:44+08:00 ] 127.0.0.1 /028jiajiao/index.php/Home/Index/about.html
INFO: [ app_init ] --START--
INFO: Run Behavior\BuildLiteBehavior [ RunTime:0.000000s ]
INFO: [ app_init ] --END-- [ RunTime:0.000000s ]

[ 2014-08-14T13:56:47+08:00 ] 127.0.0.1 /028jiajiao/index.php/Home/Index/news.html
INFO: [ app_init ] --START--
INFO: Run Behavior\BuildLiteBehavior [ RunTime:0.000000s ]
INFO: [ app_init ] --END-- [ RunTime:0.000000s ]

[ 2014-08-14T13:56:47+08:00 ] 127.0.0.1 /028jiajiao/index.php/Home/Index/style/buttons.css
INFO: [ app_init ] --START--
INFO: Run Behavior\BuildLiteBehavior [ RunTime:0.000000s ]
INFO: [ app_init ] --END-- [ RunTime:0.010000s ]
ERR: 非法操作:style

[ 2014-08-14T13:56:49+08:00 ] 127.0.0.1 /028jiajiao/index.php/Home/Kujy/kujy
INFO: [ app_init ] --START--
INFO: Run Behavior\BuildLiteBehavior [ RunTime:0.000000s ]
INFO: [ app_init ] --END-- [ RunTime:0.000000s ]

[ 2014-08-14T13:56:50+08:00 ] 127.0.0.1 /028jiajiao/index.php/Home/Index/news.html
INFO: [ app_init ] --START--
INFO: Run Behavior\BuildLiteBehavior [ RunTime:0.000000s ]
INFO: [ app_init ] --END-- [ RunTime:0.000000s ]

[ 2014-08-14T13:56:51+08:00 ] 127.0.0.1 /028jiajiao/index.php/Home/Index/style/buttons.css
INFO: [ app_init ] --START--
INFO: Run Behavior\BuildLiteBehavior [ RunTime:0.000000s ]
INFO: [ app_init ] --END-- [ RunTime:0.000000s ]
ERR: 非法操作:style

[ 2014-08-14T13:56:52+08:00 ] 127.0.0.1 /028jiajiao/index.php/Home/Index/about.html
INFO: [ app_init ] --START--
INFO: Run Behavior\BuildLiteBehavior [ RunTime:0.000000s ]
INFO: [ app_init ] --END-- [ RunTime:0.000000s ]

[ 2014-08-14T13:56:54+08:00 ] 127.0.0.1 /028jiajiao/index.php/Home/Index/news.html
INFO: [ app_init ] --START--
INFO: Run Behavior\BuildLiteBehavior [ RunTime:0.000000s ]
INFO: [ app_init ] --END-- [ RunTime:0.000000s ]

[ 2014-08-14T13:56:54+08:00 ] 127.0.0.1 /028jiajiao/index.php/Home/Index/style/buttons.css
INFO: [ app_init ] --START--
INFO: Run Behavior\BuildLiteBehavior [ RunTime:0.000000s ]
INFO: [ app_init ] --END-- [ RunTime:0.000000s ]
ERR: 非法操作:style

[ 2014-08-14T13:56:55+08:00 ] 127.0.0.1 /028jiajiao/index.php/Home/Kujy/kujy
INFO: [ app_init ] --START--
INFO: Run Behavior\BuildLiteBehavior [ RunTime:0.000000s ]
INFO: [ app_init ] --END-- [ RunTime:0.000000s ]

[ 2014-08-14T13:57:52+08:00 ] 127.0.0.1 /028jiajiao/index.php/Home/Index/news.html
INFO: [ app_init ] --START--
INFO: Run Behavior\BuildLiteBehavior [ RunTime:0.000000s ]
INFO: [ app_init ] --END-- [ RunTime:0.000000s ]

[ 2014-08-14T13:57:52+08:00 ] 127.0.0.1 /028jiajiao/index.php/Home/Index/style/buttons.css
INFO: [ app_init ] --START--
INFO: Run Behavior\BuildLiteBehavior [ RunTime:0.000000s ]
INFO: [ app_init ] --END-- [ RunTime:0.000000s ]
ERR: 非法操作:style

[ 2014-08-14T13:58:08+08:00 ] 127.0.0.1 /028jiajiao/index.php/Home/Index/about.html
INFO: [ app_init ] --START--
INFO: Run Behavior\BuildLiteBehavior [ RunTime:0.000000s ]
INFO: [ app_init ] --END-- [ RunTime:0.010000s ]

[ 2014-08-14T13:58:13+08:00 ] 127.0.0.1 /028jiajiao/index.php/Home/Kujy/kujy
INFO: [ app_init ] --START--
INFO: Run Behavior\BuildLiteBehavior [ RunTime:0.000000s ]
INFO: [ app_init ] --END-- [ RunTime:0.000000s ]

[ 2014-08-14T13:58:30+08:00 ] 127.0.0.1 /028jiajiao/index.php/Home/Kuxy/kuxy
INFO: [ app_init ] --START--
INFO: Run Behavior\BuildLiteBehavior [ RunTime:0.000000s ]
INFO: [ app_init ] --END-- [ RunTime:0.010000s ]

[ 2014-08-14T13:58:33+08:00 ] 127.0.0.1 /028jiajiao/index.php/Home/Kujy/kujy
INFO: [ app_init ] --START--
INFO: Run Behavior\BuildLiteBehavior [ RunTime:0.000000s ]
INFO: [ app_init ] --END-- [ RunTime:0.000000s ]

[ 2014-08-14T13:58:47+08:00 ] 127.0.0.1 /028jiajiao/index.php/Home/Kujy/kujy
INFO: [ app_init ] --START--
INFO: Run Behavior\BuildLiteBehavior [ RunTime:0.000000s ]
INFO: [ app_init ] --END-- [ RunTime:0.000000s ]

[ 2014-08-14T13:58:51+08:00 ] 127.0.0.1 /028jiajiao/index.php/Home/Index/index.html
INFO: [ app_init ] --START--
INFO: Run Behavior\BuildLiteBehavior [ RunTime:0.000000s ]
INFO: [ app_init ] --END-- [ RunTime:0.000000s ]

[ 2014-08-14T13:58:54+08:00 ] 127.0.0.1 /028jiajiao/index.php/Home/Regxy/regxy
INFO: [ app_init ] --START--
INFO: Run Behavior\BuildLiteBehavior [ RunTime:0.000000s ]
INFO: [ app_init ] --END-- [ RunTime:0.000000s ]

[ 2014-08-14T13:58:54+08:00 ] 127.0.0.1 /028jiajiao/index.php/Home/Regxy/js/Reg_XY.js
INFO: [ app_init ] --START--
INFO: Run Behavior\BuildLiteBehavior [ RunTime:0.000000s ]
INFO: [ app_init ] --END-- [ RunTime:0.000000s ]
ERR: 非法操作:js

[ 2014-08-14T13:58:54+08:00 ] 127.0.0.1 /028jiajiao/index.php/Home/Regxy/js/Reg_XY.js
INFO: [ app_init ] --START--
INFO: Run Behavior\BuildLiteBehavior [ RunTime:0.000000s ]
INFO: [ app_init ] --END-- [ RunTime:0.000000s ]
ERR: 非法操作:js

[ 2014-08-14T13:58:58+08:00 ] 127.0.0.1 /028jiajiao/index.php/Home/Regjy/regjy
INFO: [ app_init ] --START--
INFO: Run Behavior\BuildLiteBehavior [ RunTime:0.000000s ]
INFO: [ app_init ] --END-- [ RunTime:0.000000s ]

[ 2014-08-14T13:59:02+08:00 ] 127.0.0.1 /028jiajiao/index.php/Home/Kuxy/kuxy
INFO: [ app_init ] --START--
INFO: Run Behavior\BuildLiteBehavior [ RunTime:0.000000s ]
INFO: [ app_init ] --END-- [ RunTime:0.000000s ]

[ 2014-08-14T13:59:08+08:00 ] 127.0.0.1 /028jiajiao/index.php/Home/Kujy/kujy
INFO: [ app_init ] --START--
INFO: Run Behavior\BuildLiteBehavior [ RunTime:0.000000s ]
INFO: [ app_init ] --END-- [ RunTime:0.000000s ]

[ 2014-08-14T13:59:12+08:00 ] 127.0.0.1 /028jiajiao/index.php/Home/Index/news.html
INFO: [ app_init ] --START--
INFO: Run Behavior\BuildLiteBehavior [ RunTime:0.000000s ]
INFO: [ app_init ] --END-- [ RunTime:0.000000s ]

[ 2014-08-14T13:59:13+08:00 ] 127.0.0.1 /028jiajiao/index.php/Home/Index/style/buttons.css
INFO: [ app_init ] --START--
INFO: Run Behavior\BuildLiteBehavior [ RunTime:0.000000s ]
INFO: [ app_init ] --END-- [ RunTime:0.000000s ]
ERR: 非法操作:style

[ 2014-08-14T13:59:18+08:00 ] 127.0.0.1 /028jiajiao/index.php/Home/Kujy/kujy
INFO: [ app_init ] --START--
INFO: Run Behavior\BuildLiteBehavior [ RunTime:0.000000s ]
INFO: [ app_init ] --END-- [ RunTime:0.000000s ]

[ 2014-08-14T13:59:20+08:00 ] 127.0.0.1 /028jiajiao/index.php/Home/Index/news.html
INFO: [ app_init ] --START--
INFO: Run Behavior\BuildLiteBehavior [ RunTime:0.000000s ]
INFO: [ app_init ] --END-- [ RunTime:0.000000s ]

[ 2014-08-14T13:59:20+08:00 ] 127.0.0.1 /028jiajiao/index.php/Home/Index/style/buttons.css
INFO: [ app_init ] --START--
INFO: Run Behavior\BuildLiteBehavior [ RunTime:0.000000s ]
INFO: [ app_init ] --END-- [ RunTime:0.000000s ]
ERR: 非法操作:style

[ 2014-08-14T13:59:22+08:00 ] 127.0.0.1 /028jiajiao/index.php/Home/Kujy/kujy
INFO: [ app_init ] --START--
INFO: Run Behavior\BuildLiteBehavior [ RunTime:0.000000s ]
INFO: [ app_init ] --END-- [ RunTime:0.010000s ]

[ 2014-08-14T13:59:25+08:00 ] 127.0.0.1 /028jiajiao/index.php/Home/Index/news.html
INFO: [ app_init ] --START--
INFO: Run Behavior\BuildLiteBehavior [ RunTime:0.000000s ]
INFO: [ app_init ] --END-- [ RunTime:0.000000s ]

[ 2014-08-14T13:59:26+08:00 ] 127.0.0.1 /028jiajiao/index.php/Home/Index/style/buttons.css
INFO: [ app_init ] --START--
INFO: Run Behavior\BuildLiteBehavior [ RunTime:0.000000s ]
INFO: [ app_init ] --END-- [ RunTime:0.000000s ]
ERR: 非法操作:style

[ 2014-08-14T13:59:27+08:00 ] 127.0.0.1 /028jiajiao/index.php/Home/Index/about.html
INFO: [ app_init ] --START--
INFO: Run Behavior\BuildLiteBehavior [ RunTime:0.000000s ]
INFO: [ app_init ] --END-- [ RunTime:0.000000s ]

[ 2014-08-14T13:59:29+08:00 ] 127.0.0.1 /028jiajiao/index.php/Home/Index/news.html
INFO: [ app_init ] --START--
INFO: Run Behavior\BuildLiteBehavior [ RunTime:0.000000s ]
INFO: [ app_init ] --END-- [ RunTime:0.000000s ]

[ 2014-08-14T13:59:29+08:00 ] 127.0.0.1 /028jiajiao/index.php/Home/Index/style/buttons.css
INFO: [ app_init ] --START--
INFO: Run Behavior\BuildLiteBehavior [ RunTime:0.000000s ]
INFO: [ app_init ] --END-- [ RunTime:0.000000s ]
ERR: 非法操作:style

[ 2014-08-14T13:59:35+08:00 ] 127.0.0.1 /028jiajiao/index.php/Home/Index/news.html
INFO: [ app_init ] --START--
INFO: Run Behavior\BuildLiteBehavior [ RunTime:0.000000s ]
INFO: [ app_init ] --END-- [ RunTime:0.000000s ]

[ 2014-08-14T13:59:35+08:00 ] 127.0.0.1 /028jiajiao/index.php/Home/Index/style/buttons.css
INFO: [ app_init ] --START--
INFO: Run Behavior\BuildLiteBehavior [ RunTime:0.000000s ]
INFO: [ app_init ] --END-- [ RunTime:0.000000s ]
ERR: 非法操作:style

[ 2014-08-14T13:59:36+08:00 ] 127.0.0.1 /028jiajiao/index.php/Home/Kujy/kujy
INFO: [ app_init ] --START--
INFO: Run Behavior\BuildLiteBehavior [ RunTime:0.000000s ]
INFO: [ app_init ] --END-- [ RunTime:0.000000s ]

[ 2014-08-14T13:59:37+08:00 ] 127.0.0.1 /028jiajiao/index.php/Home/Kuxy/kuxy
INFO: [ app_init ] --START--
INFO: Run Behavior\BuildLiteBehavior [ RunTime:0.000000s ]
INFO: [ app_init ] --END-- [ RunTime:0.000000s ]

[ 2014-08-14T13:59:39+08:00 ] 127.0.0.1 /028jiajiao/index.php/Home/Regjy/regjy
INFO: [ app_init ] --START--
INFO: Run Behavior\BuildLiteBehavior [ RunTime:0.000000s ]
INFO: [ app_init ] --END-- [ RunTime:0.000000s ]

[ 2014-08-14T13:59:40+08:00 ] 127.0.0.1 /028jiajiao/index.php/Home/Regxy/regxy
INFO: [ app_init ] --START--
INFO: Run Behavior\BuildLiteBehavior [ RunTime:0.000000s ]
INFO: [ app_init ] --END-- [ RunTime:0.000000s ]

[ 2014-08-14T13:59:40+08:00 ] 127.0.0.1 /028jiajiao/index.php/Home/Regxy/js/Reg_XY.js
INFO: [ app_init ] --START--
INFO: Run Behavior\BuildLiteBehavior [ RunTime:0.000000s ]
INFO: [ app_init ] --END-- [ RunTime:0.000000s ]
ERR: 非法操作:js

[ 2014-08-14T13:59:40+08:00 ] 127.0.0.1 /028jiajiao/index.php/Home/Regxy/js/Reg_XY.js
INFO: [ app_init ] --START--
INFO: Run Behavior\BuildLiteBehavior [ RunTime:0.000000s ]
INFO: [ app_init ] --END-- [ RunTime:0.000000s ]
ERR: 非法操作:js

[ 2014-08-14T13:59:43+08:00 ] 127.0.0.1 /028jiajiao/index.php/Home/Index/index.html
INFO: [ app_init ] --START--
INFO: Run Behavior\BuildLiteBehavior [ RunTime:0.000000s ]
INFO: [ app_init ] --END-- [ RunTime:0.000000s ]

[ 2014-08-14T13:59:45+08:00 ] 127.0.0.1 /028jiajiao/index.php/Home/Regxy/regxy
INFO: [ app_init ] --START--
INFO: Run Behavior\BuildLiteBehavior [ RunTime:0.000000s ]
INFO: [ app_init ] --END-- [ RunTime:0.000000s ]

[ 2014-08-14T13:59:45+08:00 ] 127.0.0.1 /028jiajiao/index.php/Home/Regxy/js/Reg_XY.js
INFO: [ app_init ] --START--
INFO: Run Behavior\BuildLiteBehavior [ RunTime:0.000000s ]
INFO: [ app_init ] --END-- [ RunTime:0.000000s ]
ERR: 非法操作:js

[ 2014-08-14T13:59:46+08:00 ] 127.0.0.1 /028jiajiao/index.php/Home/Regjy/regjy
INFO: [ app_init ] --START--
INFO: Run Behavior\BuildLiteBehavior [ RunTime:0.000000s ]
INFO: [ app_init ] --END-- [ RunTime:0.000000s ]

[ 2014-08-14T13:59:48+08:00 ] 127.0.0.1 /028jiajiao/index.php/Home/Kuxy/kuxy
INFO: [ app_init ] --START--
INFO: Run Behavior\BuildLiteBehavior [ RunTime:0.000000s ]
INFO: [ app_init ] --END-- [ RunTime:0.000000s ]

[ 2014-08-14T13:59:50+08:00 ] 127.0.0.1 /028jiajiao/index.php/Home/Regxy/regxy
INFO: [ app_init ] --START--
INFO: Run Behavior\BuildLiteBehavior [ RunTime:0.000000s ]
INFO: [ app_init ] --END-- [ RunTime:0.000000s ]

[ 2014-08-14T13:59:50+08:00 ] 127.0.0.1 /028jiajiao/index.php/Home/Regxy/js/Reg_XY.js
INFO: [ app_init ] --START--
INFO: Run Behavior\BuildLiteBehavior [ RunTime:0.000000s ]
INFO: [ app_init ] --END-- [ RunTime:0.000000s ]
ERR: 非法操作:js

[ 2014-08-14T13:59:50+08:00 ] 127.0.0.1 /028jiajiao/index.php/Home/Regxy/js/Reg_XY.js
INFO: [ app_init ] --START--
INFO: Run Behavior\BuildLiteBehavior [ RunTime:0.000000s ]
INFO: [ app_init ] --END-- [ RunTime:0.000000s ]
ERR: 非法操作:js

[ 2014-08-14T13:59:53+08:00 ] 127.0.0.1 /028jiajiao/index.php/Home/Regjy/regjy
INFO: [ app_init ] --START--
INFO: Run Behavior\BuildLiteBehavior [ RunTime:0.000000s ]
INFO: [ app_init ] --END-- [ RunTime:0.000000s ]

[ 2014-08-14T13:59:54+08:00 ] 127.0.0.1 /028jiajiao/index.php/Home/Kuxy/kuxy
INFO: [ app_init ] --START--
INFO: Run Behavior\BuildLiteBehavior [ RunTime:0.000000s ]
INFO: [ app_init ] --END-- [ RunTime:0.000000s ]

[ 2014-08-14T13:59:56+08:00 ] 127.0.0.1 /028jiajiao/index.php/Home/Kujy/kujy
INFO: [ app_init ] --START--
INFO: Run Behavior\BuildLiteBehavior [ RunTime:0.000000s ]
INFO: [ app_init ] --END-- [ RunTime:0.000000s ]

[ 2014-08-14T13:59:59+08:00 ] 127.0.0.1 /028jiajiao/Home/Kujy/showjy/userid/39668
INFO: [ app_init ] --START--
INFO: Run Behavior\BuildLiteBehavior [ RunTime:0.000000s ]
INFO: [ app_init ] --END-- [ RunTime:0.000000s ]

[ 2014-08-14T14:00:09+08:00 ] 127.0.0.1 /028jiajiao/index.php/Home/Index/news.html
INFO: [ app_init ] --START--
INFO: Run Behavior\BuildLiteBehavior [ RunTime:0.000000s ]
INFO: [ app_init ] --END-- [ RunTime:0.000000s ]

[ 2014-08-14T14:00:10+08:00 ] 127.0.0.1 /028jiajiao/index.php/Home/Index/style/buttons.css
INFO: [ app_init ] --START--
INFO: Run Behavior\BuildLiteBehavior [ RunTime:0.000000s ]
INFO: [ app_init ] --END-- [ RunTime:0.000000s ]
ERR: 非法操作:style

[ 2014-08-14T14:00:13+08:00 ] 127.0.0.1 /028jiajiao/index.php/Home/Index/about.html
INFO: [ app_init ] --START--
INFO: Run Behavior\BuildLiteBehavior [ RunTime:0.000000s ]
INFO: [ app_init ] --END-- [ RunTime:0.000000s ]

[ 2014-08-14T14:00:17+08:00 ] 127.0.0.1 /028jiajiao/index.php/Home/Index/news.html
INFO: [ app_init ] --START--
INFO: Run Behavior\BuildLiteBehavior [ RunTime:0.000000s ]
INFO: [ app_init ] --END-- [ RunTime:0.010000s ]

[ 2014-08-14T14:00:17+08:00 ] 127.0.0.1 /028jiajiao/index.php/Home/Index/style/buttons.css
INFO: [ app_init ] --START--
INFO: Run Behavior\BuildLiteBehavior [ RunTime:0.000000s ]
INFO: [ app_init ] --END-- [ RunTime:0.000000s ]
ERR: 非法操作:style

[ 2014-08-14T14:05:37+08:00 ] 127.0.0.1 /028jiajiao/index.php/Home/Index/news.html
INFO: [ app_init ] --START--
INFO: Run Behavior\BuildLiteBehavior [ RunTime:0.000000s ]
INFO: [ app_init ] --END-- [ RunTime:0.000000s ]

[ 2014-08-14T14:05:37+08:00 ] 127.0.0.1 /028jiajiao/index.php/Home/Index/style/buttons.css
INFO: [ app_init ] --START--
INFO: Run Behavior\BuildLiteBehavior [ RunTime:0.000000s ]
INFO: [ app_init ] --END-- [ RunTime:0.000000s ]
ERR: 非法操作:style

[ 2014-08-14T14:05:40+08:00 ] 127.0.0.1 /028jiajiao/index.php/Home/Index/news.html
INFO: [ app_init ] --START--
INFO: Run Behavior\BuildLiteBehavior [ RunTime:0.000000s ]
INFO: [ app_init ] --END-- [ RunTime:0.000000s ]

[ 2014-08-14T14:05:40+08:00 ] 127.0.0.1 /028jiajiao/index.php/Home/Index/style/buttons.css
INFO: [ app_init ] --START--
INFO: Run Behavior\BuildLiteBehavior [ RunTime:0.000000s ]
INFO: [ app_init ] --END-- [ RunTime:0.000000s ]
ERR: 非法操作:style

[ 2014-08-14T14:05:43+08:00 ] 127.0.0.1 /028jiajiao/index.php/Home/Index/index.html
INFO: [ app_init ] --START--
INFO: Run Behavior\BuildLiteBehavior [ RunTime:0.000000s ]
INFO: [ app_init ] --END-- [ RunTime:0.000000s ]

[ 2014-08-14T14:05:44+08:00 ] 127.0.0.1 /028jiajiao/index.php/Home/Regxy/regxy
INFO: [ app_init ] --START--
INFO: Run Behavior\BuildLiteBehavior [ RunTime:0.000000s ]
INFO: [ app_init ] --END-- [ RunTime:0.000000s ]

[ 2014-08-14T14:05:44+08:00 ] 127.0.0.1 /028jiajiao/index.php/Home/Regxy/js/Reg_XY.js
INFO: [ app_init ] --START--
INFO: Run Behavior\BuildLiteBehavior [ RunTime:0.000000s ]
INFO: [ app_init ] --END-- [ RunTime:0.000000s ]
ERR: 非法操作:js

[ 2014-08-14T14:05:44+08:00 ] 127.0.0.1 /028jiajiao/index.php/Home/Regxy/js/Reg_XY.js
INFO: [ app_init ] --START--
INFO: Run Behavior\BuildLiteBehavior [ RunTime:0.000000s ]
INFO: [ app_init ] --END-- [ RunTime:0.000000s ]
ERR: 非法操作:js

[ 2014-08-14T14:05:45+08:00 ] 127.0.0.1 /028jiajiao/index.php/Home/Regjy/regjy
INFO: [ app_init ] --START--
INFO: Run Behavior\BuildLiteBehavior [ RunTime:0.000000s ]
INFO: [ app_init ] --END-- [ RunTime:0.000000s ]

[ 2014-08-14T14:05:47+08:00 ] 127.0.0.1 /028jiajiao/index.php/Home/Kuxy/kuxy
INFO: [ app_init ] --START--
INFO: Run Behavior\BuildLiteBehavior [ RunTime:0.000000s ]
INFO: [ app_init ] --END-- [ RunTime:0.000000s ]

[ 2014-08-14T14:05:48+08:00 ] 127.0.0.1 /028jiajiao/index.php/Home/Kujy/kujy
INFO: [ app_init ] --START--
INFO: Run Behavior\BuildLiteBehavior [ RunTime:0.000000s ]
INFO: [ app_init ] --END-- [ RunTime:0.000000s ]

[ 2014-08-14T14:05:50+08:00 ] 127.0.0.1 /028jiajiao/index.php/Home/Index/index.html
INFO: [ app_init ] --START--
INFO: Run Behavior\BuildLiteBehavior [ RunTime:0.000000s ]
INFO: [ app_init ] --END-- [ RunTime:0.000000s ]

[ 2014-08-14T14:05:51+08:00 ] 127.0.0.1 /028jiajiao/index.php/Home/Kuxy/kuxy
INFO: [ app_init ] --START--
INFO: Run Behavior\BuildLiteBehavior [ RunTime:0.000000s ]
INFO: [ app_init ] --END-- [ RunTime:0.000000s ]

[ 2014-08-14T14:06:33+08:00 ] 127.0.0.1 /028jiajiao/index.php/Home/Kuxy/kuxy
INFO: [ app_init ] --START--
INFO: Run Behavior\BuildLiteBehavior [ RunTime:0.000000s ]
INFO: [ app_init ] --END-- [ RunTime:0.000000s ]

[ 2014-08-14T14:06:34+08:00 ] 127.0.0.1 /028jiajiao/index.php/Home/Kuxy/kuxy
INFO: [ app_init ] --START--
INFO: Run Behavior\BuildLiteBehavior [ RunTime:0.000000s ]
INFO: [ app_init ] --END-- [ RunTime:0.000000s ]

[ 2014-08-14T14:06:37+08:00 ] 127.0.0.1 /028jiajiao/index.php/Home/Kuxy/kuxy
INFO: [ app_init ] --START--
INFO: Run Behavior\BuildLiteBehavior [ RunTime:0.000000s ]
INFO: [ app_init ] --END-- [ RunTime:0.000000s ]

[ 2014-08-14T14:06:45+08:00 ] 127.0.0.1 /028jiajiao/index.php/Home/Index/top
INFO: [ app_init ] --START--
INFO: Run Behavior\BuildLiteBehavior [ RunTime:0.000000s ]
INFO: [ app_init ] --END-- [ RunTime:0.000000s ]
ERR: 模板不存在:./Index/Home/View/Index/top.html

[ 2014-08-14T14:07:13+08:00 ] 127.0.0.1 /028jiajiao/index.php/Home/Common/top
INFO: [ app_init ] --START--
INFO: Run Behavior\BuildLiteBehavior [ RunTime:0.000000s ]
INFO: [ app_init ] --END-- [ RunTime:0.000000s ]
ERR: 无法加载控制器:Common

[ 2014-08-14T14:08:48+08:00 ] 127.0.0.1 /028jiajiao/index.php/Home/Common/
INFO: [ app_init ] --START--
INFO: Run Behavior\BuildLiteBehavior [ RunTime:0.000000s ]
INFO: [ app_init ] --END-- [ RunTime:0.000000s ]
ERR: 无法加载控制器:Common

[ 2014-08-14T14:09:25+08:00 ] 127.0.0.1 /028jiajiao/index.php/Home/Common/
INFO: [ app_init ] --START--
INFO: Run Behavior\BuildLiteBehavior [ RunTime:0.000000s ]
INFO: [ app_init ] --END-- [ RunTime:0.000000s ]

[ 2014-08-14T14:09:39+08:00 ] 127.0.0.1 /028jiajiao/index.php/Home/Common/top
INFO: [ app_init ] --START--
INFO: Run Behavior\BuildLiteBehavior [ RunTime:0.000000s ]
INFO: [ app_init ] --END-- [ RunTime:0.000000s ]

[ 2014-08-14T14:11:28+08:00 ] 127.0.0.1 /028jiajiao/index.php/Home/
INFO: [ app_init ] --START--
INFO: Run Behavior\BuildLiteBehavior [ RunTime:0.000000s ]
INFO: [ app_init ] --END-- [ RunTime:0.000000s ]

[ 2014-08-14T14:11:39+08:00 ] 127.0.0.1 /028jiajiao/index.php/Home/Index/top
INFO: [ app_init ] --START--
INFO: Run Behavior\BuildLiteBehavior [ RunTime:0.000000s ]
INFO: [ app_init ] --END-- [ RunTime:0.000000s ]

[ 2014-08-14T14:12:05+08:00 ] 127.0.0.1 /028jiajiao/index.php/Home/Index/top
INFO: [ app_init ] --START--
INFO: Run Behavior\BuildLiteBehavior [ RunTime:0.000000s ]
INFO: [ app_init ] --END-- [ RunTime:0.000000s ]

[ 2014-08-14T14:12:06+08:00 ] 127.0.0.1 /028jiajiao/index.php/Home/Index/top
INFO: [ app_init ] --START--
INFO: Run Behavior\BuildLiteBehavior [ RunTime:0.000000s ]
INFO: [ app_init ] --END-- [ RunTime:0.000000s ]

[ 2014-08-14T14:12:43+08:00 ] 127.0.0.1 /028jiajiao/index.php/Home/Index/top
INFO: [ app_init ] --START--
INFO: Run Behavior\BuildLiteBehavior [ RunTime:0.000000s ]
INFO: [ app_init ] --END-- [ RunTime:0.000000s ]

[ 2014-08-14T14:12:44+08:00 ] 127.0.0.1 /028jiajiao/index.php/Home/Index/top
INFO: [ app_init ] --START--
INFO: Run Behavior\BuildLiteBehavior [ RunTime:0.000000s ]
INFO: [ app_init ] --END-- [ RunTime:0.000000s ]

[ 2014-08-14T14:12:45+08:00 ] 127.0.0.1 /028jiajiao/index.php/Home/Index/top
INFO: [ app_init ] --START--
INFO: Run Behavior\BuildLiteBehavior [ RunTime:0.000000s ]
INFO: [ app_init ] --END-- [ RunTime:0.010000s ]

[ 2014-08-14T14:12:46+08:00 ] 127.0.0.1 /028jiajiao/index.php/Home/Index/top
INFO: [ app_init ] --START--
INFO: Run Behavior\BuildLiteBehavior [ RunTime:0.000000s ]
INFO: [ app_init ] --END-- [ RunTime:0.000000s ]

[ 2014-08-14T14:12:46+08:00 ] 127.0.0.1 /028jiajiao/index.php/Home/Index/top
INFO: [ app_init ] --START--
INFO: Run Behavior\BuildLiteBehavior [ RunTime:0.000000s ]
INFO: [ app_init ] --END-- [ RunTime:0.000000s ]

[ 2014-08-14T14:12:56+08:00 ] 127.0.0.1 /028jiajiao/
INFO: [ app_init ] --START--
INFO: Run Behavior\BuildLiteBehavior [ RunTime:0.000000s ]
INFO: [ app_init ] --END-- [ RunTime:0.000000s ]

[ 2014-08-14T14:12:59+08:00 ] 127.0.0.1 /028jiajiao/index.php/Home/Kujy/kujy
INFO: [ app_init ] --START--
INFO: Run Behavior\BuildLiteBehavior [ RunTime:0.000000s ]
INFO: [ app_init ] --END-- [ RunTime:0.000000s ]

[ 2014-08-14T14:13:00+08:00 ] 127.0.0.1 /028jiajiao/index.php/Home/Kuxy/kuxy
INFO: [ app_init ] --START--
INFO: Run Behavior\BuildLiteBehavior [ RunTime:0.000000s ]
INFO: [ app_init ] --END-- [ RunTime:0.000000s ]

[ 2014-08-14T14:13:01+08:00 ] 127.0.0.1 /028jiajiao/index.php/Home/Regxy/regxy
INFO: [ app_init ] --START--
INFO: Run Behavior\BuildLiteBehavior [ RunTime:0.000000s ]
INFO: [ app_init ] --END-- [ RunTime:0.000000s ]

[ 2014-08-14T14:13:01+08:00 ] 127.0.0.1 /028jiajiao/index.php/Home/Regxy/js/Reg_XY.js
INFO: [ app_init ] --START--
INFO: Run Behavior\BuildLiteBehavior [ RunTime:0.000000s ]
INFO: [ app_init ] --END-- [ RunTime:0.000000s ]
ERR: 非法操作:js

[ 2014-08-14T14:13:01+08:00 ] 127.0.0.1 /028jiajiao/index.php/Home/Regxy/js/Reg_XY.js
INFO: [ app_init ] --START--
INFO: Run Behavior\BuildLiteBehavior [ RunTime:0.000000s ]
INFO: [ app_init ] --END-- [ RunTime:0.000000s ]
ERR: 非法操作:js

[ 2014-08-14T14:13:02+08:00 ] 127.0.0.1 /028jiajiao/index.php/Home/Index/index.html
INFO: [ app_init ] --START--
INFO: Run Behavior\BuildLiteBehavior [ RunTime:0.000000s ]
INFO: [ app_init ] --END-- [ RunTime:0.000000s ]

[ 2014-08-14T14:13:03+08:00 ] 127.0.0.1 /028jiajiao/index.php/Home/Regjy/regjy
INFO: [ app_init ] --START--
INFO: Run Behavior\BuildLiteBehavior [ RunTime:0.000000s ]
INFO: [ app_init ] --END-- [ RunTime:0.000000s ]

[ 2014-08-14T14:13:04+08:00 ] 127.0.0.1 /028jiajiao/index.php/Home/Kujy/kujy
INFO: [ app_init ] --START--
INFO: Run Behavior\BuildLiteBehavior [ RunTime:0.000000s ]
INFO: [ app_init ] --END-- [ RunTime:0.000000s ]

[ 2014-08-14T14:13:04+08:00 ] 127.0.0.1 /028jiajiao/index.php/Home/Index/news.html
INFO: [ app_init ] --START--
INFO: Run Behavior\BuildLiteBehavior [ RunTime:0.000000s ]
INFO: [ app_init ] --END-- [ RunTime:0.000000s ]

[ 2014-08-14T14:13:04+08:00 ] 127.0.0.1 /028jiajiao/index.php/Home/Index/style/buttons.css
INFO: [ app_init ] --START--
INFO: Run Behavior\BuildLiteBehavior [ RunTime:0.000000s ]
INFO: [ app_init ] --END-- [ RunTime:0.010000s ]
ERR: 非法操作:style

[ 2014-08-14T14:13:38+08:00 ] 127.0.0.1 /028jiajiao/index.php/Home/Index/top
INFO: [ app_init ] --START--
INFO: Run Behavior\BuildLiteBehavior [ RunTime:0.000000s ]
INFO: [ app_init ] --END-- [ RunTime:0.000000s ]

[ 2014-08-14T14:15:52+08:00 ] 127.0.0.1 /028jiajiao/index.php/Home/Index/top
INFO: [ app_init ] --START--
INFO: Run Behavior\BuildLiteBehavior [ RunTime:0.000000s ]
INFO: [ app_init ] --END-- [ RunTime:0.000000s ]

[ 2014-08-14T14:15:53+08:00 ] 127.0.0.1 /028jiajiao/index.php/Home/Index/top
INFO: [ app_init ] --START--
INFO: Run Behavior\BuildLiteBehavior [ RunTime:0.000000s ]
INFO: [ app_init ] --END-- [ RunTime:0.000000s ]

[ 2014-08-14T14:15:55+08:00 ] 127.0.0.1 /028jiajiao/index.php/Home/Index/top
INFO: [ app_init ] --START--
INFO: Run Behavior\BuildLiteBehavior [ RunTime:0.000000s ]
INFO: [ app_init ] --END-- [ RunTime:0.000000s ]

[ 2014-08-14T14:15:55+08:00 ] 127.0.0.1 /028jiajiao/index.php/Home/Index/top
INFO: [ app_init ] --START--
INFO: Run Behavior\BuildLiteBehavior [ RunTime:0.000000s ]
INFO: [ app_init ] --END-- [ RunTime:0.000000s ]

[ 2014-08-14T14:15:55+08:00 ] 127.0.0.1 /028jiajiao/index.php/Home/Index/top
INFO: [ app_init ] --START--
INFO: Run Behavior\BuildLiteBehavior [ RunTime:0.000000s ]
INFO: [ app_init ] --END-- [ RunTime:0.000000s ]

[ 2014-08-14T14:15:55+08:00 ] 127.0.0.1 /028jiajiao/index.php/Home/Index/top
INFO: [ app_init ] --START--
INFO: Run Behavior\BuildLiteBehavior [ RunTime:0.000000s ]
INFO: [ app_init ] --END-- [ RunTime:0.010000s ]

[ 2014-08-14T14:16:03+08:00 ] 127.0.0.1 /028jiajiao/index.php/Home/Index/top
INFO: [ app_init ] --START--
INFO: Run Behavior\BuildLiteBehavior [ RunTime:0.000000s ]
INFO: [ app_init ] --END-- [ RunTime:0.000000s ]

[ 2014-08-14T14:16:29+08:00 ] 127.0.0.1 /028jiajiao/index.php/Home/Index/top
INFO: [ app_init ] --START--
INFO: Run Behavior\BuildLiteBehavior [ RunTime:0.000000s ]
INFO: [ app_init ] --END-- [ RunTime:0.010000s ]

[ 2014-08-14T14:19:31+08:00 ] 127.0.0.1 /028jiajiao/index.php/Home/Index/top
INFO: [ app_init ] --START--
INFO: Run Behavior\BuildLiteBehavior [ RunTime:0.000000s ]
INFO: [ app_init ] --END-- [ RunTime:0.000000s ]

[ 2014-08-14T14:19:32+08:00 ] 127.0.0.1 /028jiajiao/index.php/Home/Index/top
INFO: [ app_init ] --START--
INFO: Run Behavior\BuildLiteBehavior [ RunTime:0.000000s ]
INFO: [ app_init ] --END-- [ RunTime:0.010000s ]

[ 2014-08-14T14:19:33+08:00 ] 127.0.0.1 /028jiajiao/index.php/Home/Index/top
INFO: [ app_init ] --START--
INFO: Run Behavior\BuildLiteBehavior [ RunTime:0.000000s ]
INFO: [ app_init ] --END-- [ RunTime:0.000000s ]

[ 2014-08-14T14:19:34+08:00 ] 127.0.0.1 /028jiajiao/index.php/Home/Index/top
INFO: [ app_init ] --START--
INFO: Run Behavior\BuildLiteBehavior [ RunTime:0.000000s ]
INFO: [ app_init ] --END-- [ RunTime:0.000000s ]

[ 2014-08-14T14:20:20+08:00 ] 127.0.0.1 /028jiajiao/index.php/Home/Index/top
INFO: [ app_init ] --START--
INFO: Run Behavior\BuildLiteBehavior [ RunTime:0.000000s ]
INFO: [ app_init ] --END-- [ RunTime:0.000000s ]

[ 2014-08-14T14:20:21+08:00 ] 127.0.0.1 /028jiajiao/index.php/Home/Index/top
INFO: [ app_init ] --START--
INFO: Run Behavior\BuildLiteBehavior [ RunTime:0.000000s ]
INFO: [ app_init ] --END-- [ RunTime:0.000000s ]

[ 2014-08-14T14:20:24+08:00 ] 127.0.0.1 /028jiajiao/index.php/Home/Index/top
INFO: [ app_init ] --START--
INFO: Run Behavior\BuildLiteBehavior [ RunTime:0.000000s ]
INFO: [ app_init ] --END-- [ RunTime:0.000000s ]

[ 2014-08-14T14:21:49+08:00 ] 127.0.0.1 /028jiajiao/index.php/Home/Index/top
INFO: [ app_init ] --START--
INFO: Run Behavior\BuildLiteBehavior [ RunTime:0.000000s ]
INFO: [ app_init ] --END-- [ RunTime:0.000000s ]

[ 2014-08-14T14:21:51+08:00 ] 127.0.0.1 /028jiajiao/index.php/Home/Index/top
INFO: [ app_init ] --START--
INFO: Run Behavior\BuildLiteBehavior [ RunTime:0.000000s ]
INFO: [ app_init ] --END-- [ RunTime:0.000000s ]

[ 2014-08-14T14:21:53+08:00 ] 127.0.0.1 /028jiajiao/index.php/Home/Index/top
INFO: [ app_init ] --START--
INFO: Run Behavior\BuildLiteBehavior [ RunTime:0.000000s ]
INFO: [ app_init ] --END-- [ RunTime:0.000000s ]

[ 2014-08-14T14:22:37+08:00 ] 127.0.0.1 /028jiajiao/index.php/Home/Index/top
INFO: [ app_init ] --START--
INFO: Run Behavior\BuildLiteBehavior [ RunTime:0.000000s ]
INFO: [ app_init ] --END-- [ RunTime:0.000000s ]

[ 2014-08-14T14:22:50+08:00 ] 127.0.0.1 /028jiajiao/index.php/Home/Index/top
INFO: [ app_init ] --START--
INFO: Run Behavior\BuildLiteBehavior [ RunTime:0.000000s ]
INFO: [ app_init ] --END-- [ RunTime:0.000000s ]

[ 2014-08-14T14:22:55+08:00 ] 127.0.0.1 /028jiajiao/index.php/Home/Index/top
INFO: [ app_init ] --START--
INFO: Run Behavior\BuildLiteBehavior [ RunTime:0.000000s ]
INFO: [ app_init ] --END-- [ RunTime:0.000000s ]

[ 2014-08-14T14:23:10+08:00 ] 127.0.0.1 /028jiajiao/index.php/Home/Index/top
INFO: [ app_init ] --START--
INFO: Run Behavior\BuildLiteBehavior [ RunTime:0.000000s ]
INFO: [ app_init ] --END-- [ RunTime:0.000000s ]

[ 2014-08-14T14:23:12+08:00 ] 127.0.0.1 /028jiajiao/index.php/Home/Index/top
INFO: [ app_init ] --START--
INFO: Run Behavior\BuildLiteBehavior [ RunTime:0.000000s ]
INFO: [ app_init ] --END-- [ RunTime:0.000000s ]

[ 2014-08-14T14:23:13+08:00 ] 127.0.0.1 /028jiajiao/index.php/Home/Index/top
INFO: [ app_init ] --START--
INFO: Run Behavior\BuildLiteBehavior [ RunTime:0.000000s ]
INFO: [ app_init ] --END-- [ RunTime:0.000000s ]

[ 2014-08-14T14:24:34+08:00 ] 127.0.0.1 /028jiajiao/index.php/Home/Index/top
INFO: [ app_init ] --START--
INFO: Run Behavior\BuildLiteBehavior [ RunTime:0.000000s ]
INFO: [ app_init ] --END-- [ RunTime:0.000000s ]

[ 2014-08-14T14:24:35+08:00 ] 127.0.0.1 /028jiajiao/index.php/Home/Index/top
INFO: [ app_init ] --START--
INFO: Run Behavior\BuildLiteBehavior [ RunTime:0.000000s ]
INFO: [ app_init ] --END-- [ RunTime:0.000000s ]

[ 2014-08-14T14:24:55+08:00 ] 127.0.0.1 /028jiajiao/index.php/Home/Index/top
INFO: [ app_init ] --START--
INFO: Run Behavior\BuildLiteBehavior [ RunTime:0.000000s ]
INFO: [ app_init ] --END-- [ RunTime:0.000000s ]

[ 2014-08-14T14:28:03+08:00 ] 127.0.0.1 /028jiajiao/index.php/Home/Index/top
INFO: [ app_init ] --START--
INFO: Run Behavior\BuildLiteBehavior [ RunTime:0.000000s ]
INFO: [ app_init ] --END-- [ RunTime:0.000000s ]

[ 2014-08-14T14:28:17+08:00 ] 127.0.0.1 /028jiajiao/index.php/Home/Index/top
INFO: [ app_init ] --START--
INFO: Run Behavior\BuildLiteBehavior [ RunTime:0.000000s ]
INFO: [ app_init ] --END-- [ RunTime:0.000000s ]

[ 2014-08-14T14:28:25+08:00 ] 127.0.0.1 /028jiajiao/index.php/Home/Regxy/regxy
INFO: [ app_init ] --START--
INFO: Run Behavior\BuildLiteBehavior [ RunTime:0.000000s ]
INFO: [ app_init ] --END-- [ RunTime:0.000000s ]

[ 2014-08-14T14:28:26+08:00 ] 127.0.0.1 /028jiajiao/index.php/Home/Regxy/js/Reg_XY.js
INFO: [ app_init ] --START--
INFO: Run Behavior\BuildLiteBehavior [ RunTime:0.000000s ]
INFO: [ app_init ] --END-- [ RunTime:0.010000s ]
ERR: 非法操作:js

[ 2014-08-14T14:28:26+08:00 ] 127.0.0.1 /028jiajiao/index.php/Home/Regxy/js/Reg_XY.js
INFO: [ app_init ] --START--
INFO: Run Behavior\BuildLiteBehavior [ RunTime:0.000000s ]
INFO: [ app_init ] --END-- [ RunTime:0.000000s ]
ERR: 非法操作:js

[ 2014-08-14T14:28:27+08:00 ] 127.0.0.1 /028jiajiao/index.php/Home/Kujy/kujy
INFO: [ app_init ] --START--
INFO: Run Behavior\BuildLiteBehavior [ RunTime:0.000000s ]
INFO: [ app_init ] --END-- [ RunTime:0.000000s ]

[ 2014-08-14T14:28:29+08:00 ] 127.0.0.1 /028jiajiao/index.php/Home/Index/news.html
INFO: [ app_init ] --START--
INFO: Run Behavior\BuildLiteBehavior [ RunTime:0.000000s ]
INFO: [ app_init ] --END-- [ RunTime:0.000000s ]

[ 2014-08-14T14:28:29+08:00 ] 127.0.0.1 /028jiajiao/index.php/Home/Index/style/buttons.css
INFO: [ app_init ] --START--
INFO: Run Behavior\BuildLiteBehavior [ RunTime:0.000000s ]
INFO: [ app_init ] --END-- [ RunTime:0.000000s ]
ERR: 非法操作:style

[ 2014-08-14T14:28:30+08:00 ] 127.0.0.1 /028jiajiao/index.php/Home/Kuxy/kuxy
INFO: [ app_init ] --START--
INFO: Run Behavior\BuildLiteBehavior [ RunTime:0.000000s ]
INFO: [ app_init ] --END-- [ RunTime:0.000000s ]

[ 2014-08-14T14:28:31+08:00 ] 127.0.0.1 /028jiajiao/index.php/Home/Regjy/regjy
INFO: [ app_init ] --START--
INFO: Run Behavior\BuildLiteBehavior [ RunTime:0.000000s ]
INFO: [ app_init ] --END-- [ RunTime:0.000000s ]

[ 2014-08-14T14:28:32+08:00 ] 127.0.0.1 /028jiajiao/index.php/Home/Regxy/regxy
INFO: [ app_init ] --START--
INFO: Run Behavior\BuildLiteBehavior [ RunTime:0.000000s ]
INFO: [ app_init ] --END-- [ RunTime:0.000000s ]

[ 2014-08-14T14:28:32+08:00 ] 127.0.0.1 /028jiajiao/index.php/Home/Regxy/js/Reg_XY.js
INFO: [ app_init ] --START--
INFO: Run Behavior\BuildLiteBehavior [ RunTime:0.000000s ]
INFO: [ app_init ] --END-- [ RunTime:0.000000s ]
ERR: 非法操作:js

[ 2014-08-14T14:28:32+08:00 ] 127.0.0.1 /028jiajiao/index.php/Home/Regxy/js/Reg_XY.js
INFO: [ app_init ] --START--
INFO: Run Behavior\BuildLiteBehavior [ RunTime:0.000000s ]
INFO: [ app_init ] --END-- [ RunTime:0.010000s ]
ERR: 非法操作:js

[ 2014-08-14T14:28:33+08:00 ] 127.0.0.1 /028jiajiao/index.php/Home/Index/index.html
INFO: [ app_init ] --START--
INFO: Run Behavior\BuildLiteBehavior [ RunTime:0.000000s ]
INFO: [ app_init ] --END-- [ RunTime:0.000000s ]

[ 2014-08-14T14:28:36+08:00 ] 127.0.0.1 /028jiajiao/index.php/Home/Regjy/regjy
INFO: [ app_init ] --START--
INFO: Run Behavior\BuildLiteBehavior [ RunTime:0.000000s ]
INFO: [ app_init ] --END-- [ RunTime:0.000000s ]

[ 2014-08-14T14:28:37+08:00 ] 127.0.0.1 /028jiajiao/index.php/Home/Kujy/kujy
INFO: [ app_init ] --START--
INFO: Run Behavior\BuildLiteBehavior [ RunTime:0.000000s ]
INFO: [ app_init ] --END-- [ RunTime:0.000000s ]

[ 2014-08-14T14:28:38+08:00 ] 127.0.0.1 /028jiajiao/index.php/Home/Index/news.html
INFO: [ app_init ] --START--
INFO: Run Behavior\BuildLiteBehavior [ RunTime:0.000000s ]
INFO: [ app_init ] --END-- [ RunTime:0.000000s ]

[ 2014-08-14T14:28:38+08:00 ] 127.0.0.1 /028jiajiao/index.php/Home/Index/style/buttons.css
INFO: [ app_init ] --START--
INFO: Run Behavior\BuildLiteBehavior [ RunTime:0.000000s ]
INFO: [ app_init ] --END-- [ RunTime:0.000000s ]
ERR: 非法操作:style

[ 2014-08-14T14:28:39+08:00 ] 127.0.0.1 /028jiajiao/index.php/Home/Index/about.html
INFO: [ app_init ] --START--
INFO: Run Behavior\BuildLiteBehavior [ RunTime:0.000000s ]
INFO: [ app_init ] --END-- [ RunTime:0.000000s ]

[ 2014-08-14T14:28:41+08:00 ] 127.0.0.1 /028jiajiao/index.php/Home/Kujy/kujy
INFO: [ app_init ] --START--
INFO: Run Behavior\BuildLiteBehavior [ RunTime:0.000000s ]
INFO: [ app_init ] --END-- [ RunTime:0.000000s ]

[ 2014-08-14T14:28:42+08:00 ] 127.0.0.1 /028jiajiao/index.php/Home/Kuxy/kuxy
INFO: [ app_init ] --START--
INFO: Run Behavior\BuildLiteBehavior [ RunTime:0.000000s ]
INFO: [ app_init ] --END-- [ RunTime:0.000000s ]

[ 2014-08-14T14:28:43+08:00 ] 127.0.0.1 /028jiajiao/index.php/Home/Regjy/regjy
INFO: [ app_init ] --START--
INFO: Run Behavior\BuildLiteBehavior [ RunTime:0.000000s ]
INFO: [ app_init ] --END-- [ RunTime:0.000000s ]

[ 2014-08-14T14:28:44+08:00 ] 127.0.0.1 /028jiajiao/index.php/Home/Regxy/regxy
INFO: [ app_init ] --START--
INFO: Run Behavior\BuildLiteBehavior [ RunTime:0.000000s ]
INFO: [ app_init ] --END-- [ RunTime:0.000000s ]

[ 2014-08-14T14:28:44+08:00 ] 127.0.0.1 /028jiajiao/index.php/Home/Regxy/js/Reg_XY.js
INFO: [ app_init ] --START--
INFO: Run Behavior\BuildLiteBehavior [ RunTime:0.000000s ]
INFO: [ app_init ] --END-- [ RunTime:0.000000s ]
ERR: 非法操作:js

[ 2014-08-14T14:28:45+08:00 ] 127.0.0.1 /028jiajiao/index.php/Home/Regxy/js/Reg_XY.js
INFO: [ app_init ] --START--
INFO: Run Behavior\BuildLiteBehavior [ RunTime:0.000000s ]
INFO: [ app_init ] --END-- [ RunTime:0.000000s ]
ERR: 非法操作:js

[ 2014-08-14T14:28:45+08:00 ] 127.0.0.1 /028jiajiao/index.php/Home/Index/index.html
INFO: [ app_init ] --START--
INFO: Run Behavior\BuildLiteBehavior [ RunTime:0.000000s ]
INFO: [ app_init ] --END-- [ RunTime:0.000000s ]

[ 2014-08-14T14:28:47+08:00 ] 127.0.0.1 /028jiajiao/index.php/Home/Kuxy/kuxy
INFO: [ app_init ] --START--
INFO: Run Behavior\BuildLiteBehavior [ RunTime:0.000000s ]
INFO: [ app_init ] --END-- [ RunTime:0.010000s ]

[ 2014-08-14T14:28:48+08:00 ] 127.0.0.1 /028jiajiao/index.php/Home/Regjy/regjy
INFO: [ app_init ] --START--
INFO: Run Behavior\BuildLiteBehavior [ RunTime:0.000000s ]
INFO: [ app_init ] --END-- [ RunTime:0.000000s ]

[ 2014-08-14T14:28:49+08:00 ] 127.0.0.1 /028jiajiao/index.php/Home/Regxy/regxy
INFO: [ app_init ] --START--
INFO: Run Behavior\BuildLiteBehavior [ RunTime:0.000000s ]
INFO: [ app_init ] --END-- [ RunTime:0.000000s ]

[ 2014-08-14T14:28:49+08:00 ] 127.0.0.1 /028jiajiao/index.php/Home/Regxy/js/Reg_XY.js
INFO: [ app_init ] --START--
INFO: Run Behavior\BuildLiteBehavior [ RunTime:0.000000s ]
INFO: [ app_init ] --END-- [ RunTime:0.000000s ]
ERR: 非法操作:js

[ 2014-08-14T14:28:49+08:00 ] 127.0.0.1 /028jiajiao/index.php/Home/Regxy/js/Reg_XY.js
INFO: [ app_init ] --START--
INFO: Run Behavior\BuildLiteBehavior [ RunTime:0.000000s ]
INFO: [ app_init ] --END-- [ RunTime:0.000000s ]
ERR: 非法操作:js

[ 2014-08-14T14:28:50+08:00 ] 127.0.0.1 /028jiajiao/index.php/Home/Kuxy/kuxy
INFO: [ app_init ] --START--
INFO: Run Behavior\BuildLiteBehavior [ RunTime:0.000000s ]
INFO: [ app_init ] --END-- [ RunTime:0.000000s ]

[ 2014-08-14T14:28:51+08:00 ] 127.0.0.1 /028jiajiao/index.php/Home/Kujy/kujy
INFO: [ app_init ] --START--
INFO: Run Behavior\BuildLiteBehavior [ RunTime:0.000000s ]
INFO: [ app_init ] --END-- [ RunTime:0.000000s ]

[ 2014-08-14T14:28:52+08:00 ] 127.0.0.1 /028jiajiao/index.php/Home/Index/about.html
INFO: [ app_init ] --START--
INFO: Run Behavior\BuildLiteBehavior [ RunTime:0.000000s ]
INFO: [ app_init ] --END-- [ RunTime:0.000000s ]

[ 2014-08-14T14:29:22+08:00 ] 127.0.0.1 /028jiajiao/index.php/Home/Index/top
INFO: [ app_init ] --START--
INFO: Run Behavior\BuildLiteBehavior [ RunTime:0.000000s ]
INFO: [ app_init ] --END-- [ RunTime:0.000000s ]

[ 2014-08-14T14:30:19+08:00 ] 127.0.0.1 /028jiajiao/index.php/Home/Index/top
INFO: [ app_init ] --START--
INFO: Run Behavior\BuildLiteBehavior [ RunTime:0.000000s ]
INFO: [ app_init ] --END-- [ RunTime:0.000000s ]

[ 2014-08-14T14:30:23+08:00 ] 127.0.0.1 /028jiajiao/index.php/Home/Index/index.html
INFO: [ app_init ] --START--
INFO: Run Behavior\BuildLiteBehavior [ RunTime:0.000000s ]
INFO: [ app_init ] --END-- [ RunTime:0.010000s ]

[ 2014-08-14T14:30:25+08:00 ] 127.0.0.1 /028jiajiao/index.php/Home/Regxy/regxy
INFO: [ app_init ] --START--
INFO: Run Behavior\BuildLiteBehavior [ RunTime:0.000000s ]
INFO: [ app_init ] --END-- [ RunTime:0.000000s ]

[ 2014-08-14T14:30:25+08:00 ] 127.0.0.1 /028jiajiao/index.php/Home/Regxy/js/Reg_XY.js
INFO: [ app_init ] --START--
INFO: Run Behavior\BuildLiteBehavior [ RunTime:0.010000s ]
INFO: [ app_init ] --END-- [ RunTime:0.010000s ]
ERR: 非法操作:js

[ 2014-08-14T14:30:25+08:00 ] 127.0.0.1 /028jiajiao/index.php/Home/Regxy/js/Reg_XY.js
INFO: [ app_init ] --START--
INFO: Run Behavior\BuildLiteBehavior [ RunTime:0.000000s ]
INFO: [ app_init ] --END-- [ RunTime:0.000000s ]
ERR: 非法操作:js

[ 2014-08-14T14:30:26+08:00 ] 127.0.0.1 /028jiajiao/index.php/Home/Regjy/regjy
INFO: [ app_init ] --START--
INFO: Run Behavior\BuildLiteBehavior [ RunTime:0.000000s ]
INFO: [ app_init ] --END-- [ RunTime:0.000000s ]

[ 2014-08-14T14:30:27+08:00 ] 127.0.0.1 /028jiajiao/index.php/Home/Kuxy/kuxy
INFO: [ app_init ] --START--
INFO: Run Behavior\BuildLiteBehavior [ RunTime:0.000000s ]
INFO: [ app_init ] --END-- [ RunTime:0.000000s ]

[ 2014-08-14T14:30:28+08:00 ] 127.0.0.1 /028jiajiao/index.php/Home/Kujy/kujy
INFO: [ app_init ] --START--
INFO: Run Behavior\BuildLiteBehavior [ RunTime:0.000000s ]
INFO: [ app_init ] --END-- [ RunTime:0.000000s ]

[ 2014-08-14T14:30:29+08:00 ] 127.0.0.1 /028jiajiao/index.php/Home/Index/news.html
INFO: [ app_init ] --START--
INFO: Run Behavior\BuildLiteBehavior [ RunTime:0.000000s ]
INFO: [ app_init ] --END-- [ RunTime:0.000000s ]

[ 2014-08-14T14:30:30+08:00 ] 127.0.0.1 /028jiajiao/index.php/Home/Index/style/buttons.css
INFO: [ app_init ] --START--
INFO: Run Behavior\BuildLiteBehavior [ RunTime:0.000000s ]
INFO: [ app_init ] --END-- [ RunTime:0.000000s ]
ERR: 非法操作:style

[ 2014-08-14T14:30:30+08:00 ] 127.0.0.1 /028jiajiao/index.php/Home/Index/about.html
INFO: [ app_init ] --START--
INFO: Run Behavior\BuildLiteBehavior [ RunTime:0.000000s ]
INFO: [ app_init ] --END-- [ RunTime:0.000000s ]

[ 2014-08-14T14:30:49+08:00 ] 127.0.0.1 /028jiajiao/index.php/Home/Regjy/regjy
INFO: [ app_init ] --START--
INFO: Run Behavior\BuildLiteBehavior [ RunTime:0.000000s ]
INFO: [ app_init ] --END-- [ RunTime:0.000000s ]

[ 2014-08-14T14:30:54+08:00 ] 127.0.0.1 /028jiajiao/Home/Regjy/zhuce_jy
INFO: [ app_init ] --START--
INFO: Run Behavior\BuildLiteBehavior [ RunTime:0.000000s ]
INFO: [ app_init ] --END-- [ RunTime:0.000000s ]

[ 2014-08-14T14:30:54+08:00 ] 127.0.0.1 /028jiajiao/Home/Regjy/jiaoyuan-zhuce.html
INFO: [ app_init ] --START--
INFO: Run Behavior\BuildLiteBehavior [ RunTime:0.000000s ]
INFO: [ app_init ] --END-- [ RunTime:0.000000s ]

[ 2014-08-14T14:30:54+08:00 ] 127.0.0.1 /028jiajiao/Home/Regjy/js/jquery-1.9.1.min.js
INFO: [ app_init ] --START--
INFO: Run Behavior\BuildLiteBehavior [ RunTime:0.000000s ]
INFO: [ app_init ] --END-- [ RunTime:0.000000s ]
ERR: 非法操作:js

[ 2014-08-14T14:30:54+08:00 ] 127.0.0.1 /028jiajiao/Home/js/themes/default/default.css
INFO: [ app_init ] --START--
INFO: Run Behavior\BuildLiteBehavior [ RunTime:0.000000s ]
INFO: [ app_init ] --END-- [ RunTime:0.000000s ]
ERR: 无法加载控制器:Js

[ 2014-08-14T14:30:54+08:00 ] 127.0.0.1 /028jiajiao/Home/Regjy/js/Validform_v5.3.2.js
INFO: [ app_init ] --START--
INFO: Run Behavior\BuildLiteBehavior [ RunTime:0.000000s ]
INFO: [ app_init ] --END-- [ RunTime:0.000000s ]
ERR: 非法操作:js

[ 2014-08-14T14:30:54+08:00 ] 127.0.0.1 /028jiajiao/Home/Regjy/scripts/fullAvatarEditor.js
INFO: [ app_init ] --START--
INFO: Run Behavior\BuildLiteBehavior [ RunTime:0.000000s ]
INFO: [ app_init ] --END-- [ RunTime:0.010000s ]
ERR: 非法操作:scripts

[ 2014-08-14T14:30:54+08:00 ] 127.0.0.1 /028jiajiao/Home/Regjy/scripts/swfobject.js
INFO: [ app_init ] --START--
INFO: Run Behavior\BuildLiteBehavior [ RunTime:0.000000s ]
INFO: [ app_init ] --END-- [ RunTime:0.000000s ]
ERR: 非法操作:scripts

[ 2014-08-14T14:30:54+08:00 ] 127.0.0.1 /028jiajiao/Home/js/kindeditor-all.js
INFO: [ app_init ] --START--
INFO: Run Behavior\BuildLiteBehavior [ RunTime:0.000000s ]
INFO: [ app_init ] --END-- [ RunTime:0.001000s ]
ERR: 无法加载控制器:Js

[ 2014-08-14T14:30:54+08:00 ] 127.0.0.1 /028jiajiao/Home/js/themes/default/default.css
INFO: [ app_init ] --START--
INFO: Run Behavior\BuildLiteBehavior [ RunTime:0.000000s ]
INFO: [ app_init ] --END-- [ RunTime:0.000000s ]
ERR: 无法加载控制器:Js

[ 2014-08-14T14:30:54+08:00 ] 127.0.0.1 /028jiajiao/Home/Regjy/scripts/fullAvatarEditor.js
INFO: [ app_init ] --START--
INFO: Run Behavior\BuildLiteBehavior [ RunTime:0.000000s ]
INFO: [ app_init ] --END-- [ RunTime:0.000000s ]
ERR: 非法操作:scripts

[ 2014-08-14T14:30:55+08:00 ] 127.0.0.1 /028jiajiao/Home/js/kindeditor-all.js
INFO: [ app_init ] --START--
INFO: Run Behavior\BuildLiteBehavior [ RunTime:0.000000s ]
INFO: [ app_init ] --END-- [ RunTime:0.000000s ]
ERR: 无法加载控制器:Js

